#
# There is insufficient memory for the Java Runtime Environment to continue.
# Native memory allocation (malloc) failed to allocate 974096 bytes for Chunk::new
# Possible reasons:
#   The system is out of physical RAM or swap space
#   The process is running with CompressedOops enabled, and the Java Heap may be blocking the growth of the native heap
# Possible solutions:
#   Reduce memory load on the system
#   Increase physical memory or swap space
#   Check if swap backing store is full
#   Decrease Java heap size (-Xmx/-Xms)
#   Decrease number of Java threads
#   Decrease Java thread stack sizes (-Xss)
#   Set larger code cache with -XX:ReservedCodeCacheSize=
#   JVM is running with Unscaled Compressed Oops mode in which the Java heap is
#     placed in the first 4GB address space. The Java Heap base address is the
#     maximum limit for the native heap growth. Please use -XX:HeapBaseMinAddress
#     to set the Java Heap base and to place the Java Heap above 4GB virtual address.
# This output file may be truncated or incomplete.
#
#  Out of Memory Error (./src/hotspot/share/memory/arena.cpp:197), pid=10128, tid=16032
#
# JRE version: OpenJDK Runtime Environment (11.0.12+7) (build 11.0.12+7-b1504.28-7817840)
# Java VM: OpenJDK 64-Bit Server VM (11.0.12+7-b1504.28-7817840, mixed mode, tiered, compressed oops, g1 gc, windows-amd64)
# No core dump will be written. Minidumps are not enabled by default on client versions of Windows
#

---------------  S U M M A R Y ------------

Command Line: --add-opens=java.base/java.util=ALL-UNNAMED --add-opens=java.base/java.lang=ALL-UNNAMED --add-opens=java.base/java.lang.invoke=ALL-UNNAMED --add-opens=java.base/java.util=ALL-UNNAMED --add-opens=java.prefs/java.util.prefs=ALL-UNNAMED --add-opens=java.prefs/java.util.prefs=ALL-UNNAMED --add-opens=java.base/java.nio.charset=ALL-UNNAMED --add-opens=java.base/java.net=ALL-UNNAMED --add-opens=java.base/java.util.concurrent.atomic=ALL-UNNAMED -Xmx2048m -Dfile.encoding=UTF-8 -Duser.country=CN -Duser.language=zh -Duser.variant org.gradle.launcher.daemon.bootstrap.GradleDaemon 7.3.3

Host: Intel(R) Core(TM) i7-8565U CPU @ 1.80GHz, 8 cores, 15G,  Windows 10 , 64 bit Build 22000 (10.0.22000.708)
Time: Thu Oct 13 23:05:03 2022 中国标准时间 elapsed time: 3013.121775 seconds (0d 0h 50m 13s)

---------------  T H R E A D  ---------------

Current thread (0x000001450b3fa000):  JavaThread "C2 CompilerThread1" daemon [_thread_in_native, id=16032, stack(0x0000001a4e400000,0x0000001a4e500000)]


Current CompileTask:
C2:3013121 19685       4       org.gradle.api.internal.artifacts.ivyservice.resolveengine.result.ResolvedVariantResultSerializer::write (150 bytes)

Stack: [0x0000001a4e400000,0x0000001a4e500000]
Native frames: (J=compiled Java code, j=interpreted, Vv=VM code, C=native code)
V  [jvm.dll+0x5fbcea]
V  [jvm.dll+0x731905]
V  [jvm.dll+0x732f1d]
V  [jvm.dll+0x7335d3]
V  [jvm.dll+0x247bf8]
V  [jvm.dll+0xc018c]
V  [jvm.dll+0xc06cc]
V  [jvm.dll+0x35b2db]
V  [jvm.dll+0x19d0bc]
V  [jvm.dll+0x20070e]
V  [jvm.dll+0x1ff794]
V  [jvm.dll+0x18868c]
V  [jvm.dll+0x20e0d7]
V  [jvm.dll+0x20c901]
V  [jvm.dll+0x6f9b7f]
V  [jvm.dll+0x6f26a5]
V  [jvm.dll+0x5fabf6]
C  [ucrtbase.dll+0x26c0c]
C  [KERNEL32.DLL+0x154e0]
C  [ntdll.dll+0x485b]


---------------  P R O C E S S  ---------------

Threads class SMR info:
_java_thread_list=0x000001450868a990, length=130, elements={
0x000001456acef000, 0x000001457f9e3800, 0x000001457f9ec800, 0x000001457fa0d000,
0x000001457fa0e000, 0x000001457fa62000, 0x000001457fa63800, 0x000001457fa6f800,
0x000001457fa74000, 0x000001457fbe5000, 0x000001450844c800, 0x000001457fcad800,
0x0000014506a52000, 0x0000014508a31800, 0x0000014508a30000, 0x0000014508a34000,
0x0000014508a35800, 0x0000014508a36800, 0x000001450894d800, 0x000001450894a800,
0x000001450894b800, 0x0000014508948000, 0x000001450894f800, 0x000001450c23c000,
0x000001450c23c800, 0x000001450c238800, 0x000001450c239800, 0x000001450cb82800,
0x000001450cb81800, 0x000001450bba5000, 0x0000014511182000, 0x0000014511f71000,
0x0000014510e00000, 0x000001450b3ec800, 0x000001450b3ee800, 0x000001450b3eb000,
0x000001450b3f0000, 0x000001450b3ef000, 0x000001450b3ed800, 0x000001450b3ec000,
0x000001450b3f3800, 0x000001450b3f1000, 0x000001450b3f1800, 0x000001450b3f6800,
0x000001450b3f8000, 0x000001450b3f7800, 0x000001450b3f5800, 0x000001450b3f2800,
0x000001450b3fa000, 0x000001450b3f9000, 0x000001450b3f4000, 0x000001451117f800,
0x0000014511185800, 0x0000014511186000, 0x0000014511180800, 0x0000014511183000,
0x0000014511187000, 0x0000014511181000, 0x0000014511187800, 0x0000014511184800,
0x0000014511188800, 0x0000014511189800, 0x0000014511183800, 0x000001451118e800,
0x000001451118d800, 0x000001451118a000, 0x000001451118b000, 0x000001451118c000,
0x000001451118c800, 0x000001450bb9b000, 0x000001450bb9e800, 0x000001450bba1000,
0x000001450bba1800, 0x000001450bb9c000, 0x000001450bba2800, 0x000001450bb9d000,
0x000001450bb9f000, 0x000001450bba0000, 0x000001450bba3800, 0x000001450bb9d800,
0x000001450bbaa000, 0x000001450bba4000, 0x000001450bba6800, 0x000001450bba8000,
0x000001450bba5800, 0x000001450bba7800, 0x000001450bba9000, 0x00000145069c7800,
0x00000145069c9000, 0x00000145069c8000, 0x00000145069ca000, 0x00000145069c4000,
0x00000145069ca800, 0x00000145069c6000, 0x00000145069c5000, 0x00000145069ce000,
0x00000145069cd000, 0x00000145069cf000, 0x00000145069cf800, 0x00000145069cb800,
0x00000145069d0800, 0x00000145069d1000, 0x00000145069d2000, 0x00000145069cc800,
0x00000145069d3000, 0x000001450cb7d000, 0x000001450cb7e800, 0x000001450cb7f800,
0x000001450cb80000, 0x000001450cb83800, 0x000001450cb7d800, 0x000001450cb84000,
0x000001450cb88800, 0x000001450cb87800, 0x000001450cb8a000, 0x000001450cb8a800,
0x000001450cb85000, 0x000001450cb89000, 0x000001450cb8b800, 0x000001450cb86000,
0x000001450cb86800, 0x000001450c234800, 0x000001450c22f800, 0x000001450c233000,
0x000001450c230800, 0x000001450c233800, 0x000001450c235000, 0x000001450c236000,
0x000001450c237000, 0x000001450c231000
}

Java Threads: ( => current thread )
  0x000001456acef000 JavaThread "main" [_thread_blocked, id=2940, stack(0x0000001a4b700000,0x0000001a4b800000)]
  0x000001457f9e3800 JavaThread "Reference Handler" daemon [_thread_blocked, id=15596, stack(0x0000001a4be00000,0x0000001a4bf00000)]
  0x000001457f9ec800 JavaThread "Finalizer" daemon [_thread_blocked, id=13504, stack(0x0000001a4bf00000,0x0000001a4c000000)]
  0x000001457fa0d000 JavaThread "Signal Dispatcher" daemon [_thread_blocked, id=12316, stack(0x0000001a4c000000,0x0000001a4c100000)]
  0x000001457fa0e000 JavaThread "Attach Listener" daemon [_thread_blocked, id=10044, stack(0x0000001a4c100000,0x0000001a4c200000)]
  0x000001457fa62000 JavaThread "Service Thread" daemon [_thread_blocked, id=3472, stack(0x0000001a4c200000,0x0000001a4c300000)]
  0x000001457fa63800 JavaThread "C2 CompilerThread0" daemon [_thread_in_native, id=15612, stack(0x0000001a4c300000,0x0000001a4c400000)]
  0x000001457fa6f800 JavaThread "C1 CompilerThread0" daemon [_thread_blocked, id=15640, stack(0x0000001a4c400000,0x0000001a4c500000)]
  0x000001457fa74000 JavaThread "Sweeper thread" daemon [_thread_blocked, id=15384, stack(0x0000001a4c500000,0x0000001a4c600000)]
  0x000001457fbe5000 JavaThread "Common-Cleaner" daemon [_thread_blocked, id=1648, stack(0x0000001a4c600000,0x0000001a4c700000)]
  0x000001450844c800 JavaThread "Daemon health stats" [_thread_blocked, id=108, stack(0x0000001a4cf00000,0x0000001a4d000000)]
  0x000001457fcad800 JavaThread "Incoming local TCP Connector on port 58207" [_thread_in_native, id=9492, stack(0x0000001a4c800000,0x0000001a4c900000)]
  0x0000014506a52000 JavaThread "Daemon periodic checks" [_thread_blocked, id=11676, stack(0x0000001a4ce00000,0x0000001a4cf00000)]
  0x0000014508a31800 JavaThread "Cache worker for journal cache (C:\Users\linruihang\.gradle\caches\journal-1)" [_thread_blocked, id=4740, stack(0x0000001a4d700000,0x0000001a4d800000)]
  0x0000014508a30000 JavaThread "File lock request listener" [_thread_in_native, id=15396, stack(0x0000001a4d800000,0x0000001a4d900000)]
  0x0000014508a34000 JavaThread "Cache worker for file hash cache (C:\Users\linruihang\.gradle\caches\7.3.3\fileHashes)" [_thread_blocked, id=15868, stack(0x0000001a4d900000,0x0000001a4da00000)]
  0x0000014508a35800 JavaThread "File watcher server" daemon [_thread_in_native, id=12820, stack(0x0000001a4e000000,0x0000001a4e100000)]
  0x0000014508a36800 JavaThread "File watcher consumer" daemon [_thread_blocked, id=9348, stack(0x0000001a4e100000,0x0000001a4e200000)]
  0x000001450894d800 JavaThread "Cache worker for execution history cache (C:\Users\linruihang\.gradle\caches\7.3.3\executionHistory)" [_thread_blocked, id=1136, stack(0x0000001a4e500000,0x0000001a4e600000)]
  0x000001450894a800 JavaThread "jar transforms" [_thread_blocked, id=5716, stack(0x0000001a4e600000,0x0000001a4e700000)]
  0x000001450894b800 JavaThread "Cache worker for file content cache (C:\Users\linruihang\.gradle\caches\7.3.3\fileContent)" [_thread_blocked, id=12532, stack(0x0000001a4e700000,0x0000001a4e800000)]
  0x0000014508948000 JavaThread "jar transforms Thread 2" [_thread_blocked, id=12580, stack(0x0000001a4e800000,0x0000001a4e900000)]
  0x000001450894f800 JavaThread "jar transforms Thread 3" [_thread_blocked, id=3252, stack(0x0000001a4ea00000,0x0000001a4eb00000)]
  0x000001450c23c000 JavaThread "jar transforms Thread 4" [_thread_blocked, id=2104, stack(0x0000001a53b00000,0x0000001a53c00000)]
  0x000001450c23c800 JavaThread "jar transforms Thread 5" [_thread_blocked, id=16152, stack(0x0000001a53c00000,0x0000001a53d00000)]
  0x000001450c238800 JavaThread "jar transforms Thread 6" [_thread_blocked, id=2428, stack(0x0000001a53d00000,0x0000001a53e00000)]
  0x000001450c239800 JavaThread "jar transforms Thread 7" [_thread_blocked, id=456, stack(0x0000001a53e00000,0x0000001a53f00000)]
  0x000001450cb82800 JavaThread "jar transforms Thread 8" [_thread_blocked, id=10548, stack(0x0000001a53f00000,0x0000001a54000000)]
  0x000001450cb81800 JavaThread "Memory manager" [_thread_blocked, id=15144, stack(0x0000001a54100000,0x0000001a54200000)]
  0x000001450bba5000 JavaThread "Cache worker for Java compile cache (C:\Users\linruihang\.gradle\caches\7.3.3\javaCompile)" [_thread_blocked, id=15688, stack(0x0000001a54a00000,0x0000001a54b00000)]
  0x0000014511182000 JavaThread "ForkJoinPool.commonPool-worker-7" daemon [_thread_blocked, id=6948, stack(0x0000001a56000000,0x0000001a56100000)]
  0x0000014511f71000 JavaThread "ForkJoinPool.commonPool-worker-11" daemon [_thread_blocked, id=13164, stack(0x0000001a55e00000,0x0000001a55f00000)]
  0x0000014510e00000 JavaThread "ForkJoinPool.commonPool-worker-13" daemon [_thread_blocked, id=13176, stack(0x0000001a55f00000,0x0000001a56000000)]
  0x000001450b3ec800 JavaThread "ForkJoinPool.commonPool-worker-1" daemon [_thread_blocked, id=13492, stack(0x0000001a56200000,0x0000001a56300000)]
  0x000001450b3ee800 JavaThread "ForkJoinPool.commonPool-worker-3" daemon [_thread_blocked, id=12988, stack(0x0000001a56300000,0x0000001a56400000)]
  0x000001450b3eb000 JavaThread "Daemon Thread 6" [_thread_blocked, id=4508, stack(0x0000001a4b400000,0x0000001a4b500000)]
  0x000001450b3f0000 JavaThread "Handler for socket connection from /127.0.0.1:58207 to /127.0.0.1:59707" [_thread_in_native, id=9848, stack(0x0000001a4b500000,0x0000001a4b600000)]
  0x000001450b3ef000 JavaThread "Cancel handler" [_thread_blocked, id=14516, stack(0x0000001a4b600000,0x0000001a4b700000)]
  0x000001450b3ed800 JavaThread "Daemon worker Thread 6" [_thread_in_Java, id=13140, stack(0x0000001a4d000000,0x0000001a4d100000)]
  0x000001450b3ec000 JavaThread "Asynchronous log dispatcher for DefaultDaemonConnection: socket connection from /127.0.0.1:58207 to /127.0.0.1:59707" [_thread_blocked, id=14896, stack(0x0000001a4d100000,0x0000001a4d200000)]
  0x000001450b3f3800 JavaThread "Stdin handler" [_thread_blocked, id=8396, stack(0x0000001a4d200000,0x0000001a4d300000)]
  0x000001450b3f1000 JavaThread "Daemon client event forwarder" [_thread_blocked, id=14136, stack(0x0000001a4d300000,0x0000001a4d400000)]
  0x000001450b3f1800 JavaThread "Cache worker for file hash cache (D:\AndroidProject\android\Class3\.gradle\7.3.3\fileHashes)" [_thread_blocked, id=12504, stack(0x0000001a4d400000,0x0000001a4d500000)]
  0x000001450b3f6800 JavaThread "Cache worker for checksums cache (D:\AndroidProject\android\Class3\.gradle\7.3.3\checksums)" [_thread_blocked, id=4140, stack(0x0000001a4d500000,0x0000001a4d600000)]
  0x000001450b3f8000 JavaThread "Cache worker for cache directory md-supplier (C:\Users\linruihang\.gradle\caches\7.3.3\md-supplier)" [_thread_blocked, id=3328, stack(0x0000001a4d600000,0x0000001a4d700000)]
  0x000001450b3f7800 JavaThread "Cache worker for cache directory md-rule (C:\Users\linruihang\.gradle\caches\7.3.3\md-rule)" [_thread_blocked, id=14400, stack(0x0000001a4dd00000,0x0000001a4de00000)]
  0x000001450b3f5800 JavaThread "Cache worker for dependencies-accessors (D:\AndroidProject\android\Class3\.gradle\7.3.3\dependencies-accessors)" [_thread_blocked, id=4132, stack(0x0000001a4df00000,0x0000001a4e000000)]
  0x000001450b3f2800 JavaThread "Cache worker for Build Output Cleanup Cache (D:\AndroidProject\android\Class3\.gradle\buildOutputCleanup)" [_thread_blocked, id=15440, stack(0x0000001a4e300000,0x0000001a4e400000)]
=>0x000001450b3fa000 JavaThread "C2 CompilerThread1" daemon [_thread_in_native, id=16032, stack(0x0000001a4e400000,0x0000001a4e500000)]
  0x000001450b3f9000 JavaThread "C2 CompilerThread2" daemon [_thread_in_native, id=952, stack(0x0000001a4e900000,0x0000001a4ea00000)]
  0x000001450b3f4000 JavaThread "Unconstrained build operations" [_thread_blocked, id=3020, stack(0x0000001a4eb00000,0x0000001a4ec00000)]
  0x000001451117f800 JavaThread "Unconstrained build operations Thread 2" [_thread_blocked, id=14488, stack(0x0000001a4ec00000,0x0000001a4ed00000)]
  0x0000014511185800 JavaThread "Unconstrained build operations Thread 3" [_thread_blocked, id=11452, stack(0x0000001a4ed00000,0x0000001a4ee00000)]
  0x0000014511186000 JavaThread "Unconstrained build operations Thread 4" [_thread_blocked, id=12656, stack(0x0000001a4ee00000,0x0000001a4ef00000)]
  0x0000014511180800 JavaThread "Unconstrained build operations Thread 5" [_thread_blocked, id=13152, stack(0x0000001a4ef00000,0x0000001a4f000000)]
  0x0000014511183000 JavaThread "Unconstrained build operations Thread 6" [_thread_blocked, id=468, stack(0x0000001a4f000000,0x0000001a4f100000)]
  0x0000014511187000 JavaThread "Unconstrained build operations Thread 7" [_thread_blocked, id=7760, stack(0x0000001a4f100000,0x0000001a4f200000)]
  0x0000014511181000 JavaThread "Unconstrained build operations Thread 8" [_thread_blocked, id=15064, stack(0x0000001a4f200000,0x0000001a4f300000)]
  0x0000014511187800 JavaThread "Unconstrained build operations Thread 9" [_thread_blocked, id=14232, stack(0x0000001a4f300000,0x0000001a4f400000)]
  0x0000014511184800 JavaThread "Unconstrained build operations Thread 10" [_thread_blocked, id=6852, stack(0x0000001a4f400000,0x0000001a4f500000)]
  0x0000014511188800 JavaThread "Unconstrained build operations Thread 11" [_thread_blocked, id=10704, stack(0x0000001a4f500000,0x0000001a4f600000)]
  0x0000014511189800 JavaThread "Unconstrained build operations Thread 12" [_thread_blocked, id=16356, stack(0x0000001a4f600000,0x0000001a4f700000)]
  0x0000014511183800 JavaThread "Unconstrained build operations Thread 13" [_thread_blocked, id=8544, stack(0x0000001a4f700000,0x0000001a4f800000)]
  0x000001451118e800 JavaThread "Unconstrained build operations Thread 14" [_thread_blocked, id=13524, stack(0x0000001a4f800000,0x0000001a4f900000)]
  0x000001451118d800 JavaThread "Unconstrained build operations Thread 15" [_thread_blocked, id=14004, stack(0x0000001a4f900000,0x0000001a4fa00000)]
  0x000001451118a000 JavaThread "Unconstrained build operations Thread 16" [_thread_blocked, id=1944, stack(0x0000001a4fa00000,0x0000001a4fb00000)]
  0x000001451118b000 JavaThread "Unconstrained build operations Thread 17" [_thread_blocked, id=1528, stack(0x0000001a4fb00000,0x0000001a4fc00000)]
  0x000001451118c000 JavaThread "Unconstrained build operations Thread 18" [_thread_blocked, id=14220, stack(0x0000001a4fc00000,0x0000001a4fd00000)]
  0x000001451118c800 JavaThread "Unconstrained build operations Thread 19" [_thread_blocked, id=14740, stack(0x0000001a4fd00000,0x0000001a4fe00000)]
  0x000001450bb9b000 JavaThread "Unconstrained build operations Thread 20" [_thread_blocked, id=10092, stack(0x0000001a4fe00000,0x0000001a4ff00000)]
  0x000001450bb9e800 JavaThread "Unconstrained build operations Thread 21" [_thread_blocked, id=13612, stack(0x0000001a4ff00000,0x0000001a50000000)]
  0x000001450bba1000 JavaThread "Unconstrained build operations Thread 22" [_thread_blocked, id=8148, stack(0x0000001a50000000,0x0000001a50100000)]
  0x000001450bba1800 JavaThread "Unconstrained build operations Thread 23" [_thread_blocked, id=12520, stack(0x0000001a50100000,0x0000001a50200000)]
  0x000001450bb9c000 JavaThread "Unconstrained build operations Thread 24" [_thread_blocked, id=15176, stack(0x0000001a50200000,0x0000001a50300000)]
  0x000001450bba2800 JavaThread "Unconstrained build operations Thread 25" [_thread_blocked, id=3932, stack(0x0000001a50300000,0x0000001a50400000)]
  0x000001450bb9d000 JavaThread "Unconstrained build operations Thread 26" [_thread_blocked, id=8976, stack(0x0000001a50400000,0x0000001a50500000)]
  0x000001450bb9f000 JavaThread "Unconstrained build operations Thread 27" [_thread_blocked, id=524, stack(0x0000001a50500000,0x0000001a50600000)]
  0x000001450bba0000 JavaThread "Unconstrained build operations Thread 28" [_thread_blocked, id=15764, stack(0x0000001a50600000,0x0000001a50700000)]
  0x000001450bba3800 JavaThread "Unconstrained build operations Thread 29" [_thread_blocked, id=10232, stack(0x0000001a50700000,0x0000001a50800000)]
  0x000001450bb9d800 JavaThread "Unconstrained build operations Thread 30" [_thread_blocked, id=1132, stack(0x0000001a50800000,0x0000001a50900000)]
  0x000001450bbaa000 JavaThread "Unconstrained build operations Thread 31" [_thread_blocked, id=13980, stack(0x0000001a50900000,0x0000001a50a00000)]
  0x000001450bba4000 JavaThread "Unconstrained build operations Thread 32" [_thread_blocked, id=11776, stack(0x0000001a50a00000,0x0000001a50b00000)]
  0x000001450bba6800 JavaThread "Unconstrained build operations Thread 33" [_thread_blocked, id=10544, stack(0x0000001a50b00000,0x0000001a50c00000)]
  0x000001450bba8000 JavaThread "Unconstrained build operations Thread 34" [_thread_blocked, id=16228, stack(0x0000001a50c00000,0x0000001a50d00000)]
  0x000001450bba5800 JavaThread "Unconstrained build operations Thread 35" [_thread_blocked, id=11180, stack(0x0000001a50d00000,0x0000001a50e00000)]
  0x000001450bba7800 JavaThread "Unconstrained build operations Thread 36" [_thread_blocked, id=1812, stack(0x0000001a50e00000,0x0000001a50f00000)]
  0x000001450bba9000 JavaThread "Unconstrained build operations Thread 37" [_thread_blocked, id=11248, stack(0x0000001a50f00000,0x0000001a51000000)]
  0x00000145069c7800 JavaThread "Unconstrained build operations Thread 38" [_thread_blocked, id=9300, stack(0x0000001a51000000,0x0000001a51100000)]
  0x00000145069c9000 JavaThread "Unconstrained build operations Thread 39" [_thread_blocked, id=1628, stack(0x0000001a51100000,0x0000001a51200000)]
  0x00000145069c8000 JavaThread "Unconstrained build operations Thread 40" [_thread_blocked, id=14860, stack(0x0000001a51200000,0x0000001a51300000)]
  0x00000145069ca000 JavaThread "Unconstrained build operations Thread 41" [_thread_blocked, id=4228, stack(0x0000001a51300000,0x0000001a51400000)]
  0x00000145069c4000 JavaThread "Unconstrained build operations Thread 42" [_thread_blocked, id=14380, stack(0x0000001a51400000,0x0000001a51500000)]
  0x00000145069ca800 JavaThread "Unconstrained build operations Thread 43" [_thread_blocked, id=14884, stack(0x0000001a51500000,0x0000001a51600000)]
  0x00000145069c6000 JavaThread "Unconstrained build operations Thread 44" [_thread_blocked, id=9428, stack(0x0000001a51600000,0x0000001a51700000)]
  0x00000145069c5000 JavaThread "Unconstrained build operations Thread 45" [_thread_blocked, id=15172, stack(0x0000001a51700000,0x0000001a51800000)]
  0x00000145069ce000 JavaThread "Unconstrained build operations Thread 46" [_thread_blocked, id=10132, stack(0x0000001a51800000,0x0000001a51900000)]
  0x00000145069cd000 JavaThread "Unconstrained build operations Thread 47" [_thread_blocked, id=10968, stack(0x0000001a51900000,0x0000001a51a00000)]
  0x00000145069cf000 JavaThread "Unconstrained build operations Thread 48" [_thread_blocked, id=9628, stack(0x0000001a51a00000,0x0000001a51b00000)]
  0x00000145069cf800 JavaThread "Unconstrained build operations Thread 49" [_thread_blocked, id=11708, stack(0x0000001a51b00000,0x0000001a51c00000)]
  0x00000145069cb800 JavaThread "Unconstrained build operations Thread 50" [_thread_blocked, id=13264, stack(0x0000001a51c00000,0x0000001a51d00000)]
  0x00000145069d0800 JavaThread "Unconstrained build operations Thread 51" [_thread_blocked, id=12296, stack(0x0000001a51d00000,0x0000001a51e00000)]
  0x00000145069d1000 JavaThread "Unconstrained build operations Thread 52" [_thread_blocked, id=9036, stack(0x0000001a51e00000,0x0000001a51f00000)]
  0x00000145069d2000 JavaThread "Unconstrained build operations Thread 53" [_thread_blocked, id=10256, stack(0x0000001a51f00000,0x0000001a52000000)]
  0x00000145069cc800 JavaThread "Unconstrained build operations Thread 54" [_thread_blocked, id=5000, stack(0x0000001a52000000,0x0000001a52100000)]
  0x00000145069d3000 JavaThread "Unconstrained build operations Thread 55" [_thread_blocked, id=4868, stack(0x0000001a52100000,0x0000001a52200000)]
  0x000001450cb7d000 JavaThread "Unconstrained build operations Thread 56" [_thread_blocked, id=5328, stack(0x0000001a52200000,0x0000001a52300000)]
  0x000001450cb7e800 JavaThread "Unconstrained build operations Thread 57" [_thread_blocked, id=3256, stack(0x0000001a52300000,0x0000001a52400000)]
  0x000001450cb7f800 JavaThread "Unconstrained build operations Thread 58" [_thread_blocked, id=12596, stack(0x0000001a52400000,0x0000001a52500000)]
  0x000001450cb80000 JavaThread "Unconstrained build operations Thread 59" [_thread_blocked, id=12924, stack(0x0000001a52500000,0x0000001a52600000)]
  0x000001450cb83800 JavaThread "Unconstrained build operations Thread 60" [_thread_blocked, id=4300, stack(0x0000001a52600000,0x0000001a52700000)]
  0x000001450cb7d800 JavaThread "Unconstrained build operations Thread 61" [_thread_blocked, id=5380, stack(0x0000001a52700000,0x0000001a52800000)]
  0x000001450cb84000 JavaThread "Unconstrained build operations Thread 62" [_thread_blocked, id=6848, stack(0x0000001a52800000,0x0000001a52900000)]
  0x000001450cb88800 JavaThread "Unconstrained build operations Thread 63" [_thread_blocked, id=14728, stack(0x0000001a52900000,0x0000001a52a00000)]
  0x000001450cb87800 JavaThread "Unconstrained build operations Thread 64" [_thread_blocked, id=14736, stack(0x0000001a52a00000,0x0000001a52b00000)]
  0x000001450cb8a000 JavaThread "Unconstrained build operations Thread 65" [_thread_blocked, id=14176, stack(0x0000001a52b00000,0x0000001a52c00000)]
  0x000001450cb8a800 JavaThread "Unconstrained build operations Thread 66" [_thread_blocked, id=14908, stack(0x0000001a52c00000,0x0000001a52d00000)]
  0x000001450cb85000 JavaThread "Unconstrained build operations Thread 67" [_thread_blocked, id=5252, stack(0x0000001a52d00000,0x0000001a52e00000)]
  0x000001450cb89000 JavaThread "Unconstrained build operations Thread 68" [_thread_blocked, id=4576, stack(0x0000001a52e00000,0x0000001a52f00000)]
  0x000001450cb8b800 JavaThread "Unconstrained build operations Thread 69" [_thread_blocked, id=532, stack(0x0000001a52f00000,0x0000001a53000000)]
  0x000001450cb86000 JavaThread "Unconstrained build operations Thread 70" [_thread_blocked, id=3304, stack(0x0000001a53000000,0x0000001a53100000)]
  0x000001450cb86800 JavaThread "Unconstrained build operations Thread 71" [_thread_blocked, id=16244, stack(0x0000001a53100000,0x0000001a53200000)]
  0x000001450c234800 JavaThread "Unconstrained build operations Thread 72" [_thread_blocked, id=15156, stack(0x0000001a53200000,0x0000001a53300000)]
  0x000001450c22f800 JavaThread "Unconstrained build operations Thread 73" [_thread_blocked, id=14484, stack(0x0000001a53300000,0x0000001a53400000)]
  0x000001450c233000 JavaThread "Unconstrained build operations Thread 74" [_thread_blocked, id=5564, stack(0x0000001a53400000,0x0000001a53500000)]
  0x000001450c230800 JavaThread "Unconstrained build operations Thread 75" [_thread_blocked, id=15292, stack(0x0000001a53500000,0x0000001a53600000)]
  0x000001450c233800 JavaThread "Unconstrained build operations Thread 76" [_thread_blocked, id=11456, stack(0x0000001a53600000,0x0000001a53700000)]
  0x000001450c235000 JavaThread "Unconstrained build operations Thread 77" [_thread_blocked, id=1196, stack(0x0000001a53700000,0x0000001a53800000)]
  0x000001450c236000 JavaThread "Unconstrained build operations Thread 78" [_thread_blocked, id=15720, stack(0x0000001a53800000,0x0000001a53900000)]
  0x000001450c237000 JavaThread "Unconstrained build operations Thread 79" [_thread_blocked, id=680, stack(0x0000001a53900000,0x0000001a53a00000)]
  0x000001450c231000 JavaThread "Unconstrained build operations Thread 80" [_thread_blocked, id=13936, stack(0x0000001a53a00000,0x0000001a53b00000)]

Other Threads:
  0x000001457f1ac800 VMThread "VM Thread" [stack: 0x0000001a4bd00000,0x0000001a4be00000] [id=11736]
  0x000001457fc09000 WatcherThread [stack: 0x0000001a4c700000,0x0000001a4c800000] [id=4204]
  0x000001456ad08000 GCTaskThread "GC Thread#0" [stack: 0x0000001a4b800000,0x0000001a4b900000] [id=1952]
  0x0000014506865800 GCTaskThread "GC Thread#1" [stack: 0x0000001a4c900000,0x0000001a4ca00000] [id=15496]
  0x0000014506120800 GCTaskThread "GC Thread#2" [stack: 0x0000001a4ca00000,0x0000001a4cb00000] [id=5876]
  0x00000145067e1800 GCTaskThread "GC Thread#3" [stack: 0x0000001a4cb00000,0x0000001a4cc00000] [id=4848]
  0x000001450613f800 GCTaskThread "GC Thread#4" [stack: 0x0000001a4cc00000,0x0000001a4cd00000] [id=15372]
  0x00000145067ae000 GCTaskThread "GC Thread#5" [stack: 0x0000001a4cd00000,0x0000001a4ce00000] [id=5508]
  0x0000014508325800 GCTaskThread "GC Thread#6" [stack: 0x0000001a4da00000,0x0000001a4db00000] [id=15340]
  0x0000014508b97800 GCTaskThread "GC Thread#7" [stack: 0x0000001a4db00000,0x0000001a4dc00000] [id=13388]
  0x000001456ad3b000 ConcurrentGCThread "G1 Main Marker" [stack: 0x0000001a4b900000,0x0000001a4ba00000] [id=15888]
  0x000001456ad3d000 ConcurrentGCThread "G1 Conc#0" [stack: 0x0000001a4ba00000,0x0000001a4bb00000] [id=13616]
  0x0000014506afc800 ConcurrentGCThread "G1 Conc#1" [stack: 0x0000001a4dc00000,0x0000001a4dd00000] [id=13080]
  0x000001457f02f000 ConcurrentGCThread "G1 Refine#0" [stack: 0x0000001a4bb00000,0x0000001a4bc00000] [id=2504]
  0x000001450b2fa000 ConcurrentGCThread "G1 Refine#1" [stack: 0x0000001a4de00000,0x0000001a4df00000] [id=15228]
  0x000001450e65c800 ConcurrentGCThread "G1 Refine#2" [stack: 0x0000001a4e200000,0x0000001a4e300000] [id=12836]
  0x000001450ca72800 ConcurrentGCThread "G1 Refine#3" [stack: 0x0000001a55300000,0x0000001a55400000] [id=7820]
  0x000001457f033000 ConcurrentGCThread "G1 Young RemSet Sampling" [stack: 0x0000001a4bc00000,0x0000001a4bd00000] [id=12792]

Threads with active compile tasks:
C2 CompilerThread03013153 19852       4       java.util.AbstractCollection::remove (67 bytes)
C2 CompilerThread13013153 19685       4       org.gradle.api.internal.artifacts.ivyservice.resolveengine.result.ResolvedVariantResultSerializer::write (150 bytes)
C2 CompilerThread23013153 19825  s    4       com.android.build.api.artifact.impl.TypedStorageProvider::getArtifact$gradle_core (80 bytes)

VM state:not at safepoint (normal execution)

VM Mutex/Monitor currently owned by a thread: None

Heap address: 0x0000000080000000, size: 2048 MB, Compressed Oops mode: 32-bit
Narrow klass base: 0x0000000000000000, Narrow klass shift: 3
Compressed class space size: 1073741824 Address: 0x0000000100000000

Heap:
 garbage-first heap   total 260096K, used 167930K [0x0000000080000000, 0x0000000100000000)
  region size 1024K, 49 young (50176K), 6 survivors (6144K)
 Metaspace       used 116263K, capacity 119799K, committed 120892K, reserved 1153024K
  class space    used 14774K, capacity 16101K, committed 16612K, reserved 1048576K
Heap Regions: E=young(eden), S=young(survivor), O=old, HS=humongous(starts), HC=humongous(continues), CS=collection set, F=free, A=archive, TAMS=top-at-mark-start (previous, next)
|   0|0x0000000080000000, 0x0000000080100000, 0x0000000080100000|100%| O|  |TAMS 0x0000000080100000, 0x0000000080000000| Untracked 
|   1|0x0000000080100000, 0x0000000080200000, 0x0000000080200000|100%| O|  |TAMS 0x0000000080200000, 0x0000000080100000| Untracked 
|   2|0x0000000080200000, 0x0000000080300000, 0x0000000080300000|100%| O|  |TAMS 0x0000000080300000, 0x0000000080200000| Untracked 
|   3|0x0000000080300000, 0x0000000080400000, 0x0000000080400000|100%|HS|  |TAMS 0x0000000080400000, 0x0000000080300000| Complete 
|   4|0x0000000080400000, 0x0000000080500000, 0x0000000080500000|100%|HC|  |TAMS 0x0000000080500000, 0x0000000080400000| Complete 
|   5|0x0000000080500000, 0x0000000080600000, 0x0000000080600000|100%|HC|  |TAMS 0x0000000080600000, 0x0000000080500000| Complete 
|   6|0x0000000080600000, 0x0000000080700000, 0x0000000080700000|100%| O|  |TAMS 0x0000000080700000, 0x0000000080600000| Untracked 
|   7|0x0000000080700000, 0x0000000080800000, 0x0000000080800000|100%| O|  |TAMS 0x0000000080800000, 0x0000000080700000| Untracked 
|   8|0x0000000080800000, 0x0000000080900000, 0x0000000080900000|100%| O|  |TAMS 0x0000000080900000, 0x0000000080800000| Untracked 
|   9|0x0000000080900000, 0x0000000080a00000, 0x0000000080a00000|100%| O|  |TAMS 0x0000000080a00000, 0x0000000080900000| Untracked 
|  10|0x0000000080a00000, 0x0000000080b00000, 0x0000000080b00000|100%| O|  |TAMS 0x0000000080b00000, 0x0000000080a00000| Untracked 
|  11|0x0000000080b00000, 0x0000000080c00000, 0x0000000080c00000|100%| O|  |TAMS 0x0000000080c00000, 0x0000000080b00000| Complete 
|  12|0x0000000080c00000, 0x0000000080d00000, 0x0000000080d00000|100%| O|  |TAMS 0x0000000080d00000, 0x0000000080c00000| Untracked 
|  13|0x0000000080d00000, 0x0000000080e00000, 0x0000000080e00000|100%| O|  |TAMS 0x0000000080e00000, 0x0000000080d00000| Untracked 
|  14|0x0000000080e00000, 0x0000000080f00000, 0x0000000080f00000|100%| O|  |TAMS 0x0000000080f00000, 0x0000000080e00000| Untracked 
|  15|0x0000000080f00000, 0x0000000081000000, 0x0000000081000000|100%| O|  |TAMS 0x0000000081000000, 0x0000000080f00000| Untracked 
|  16|0x0000000081000000, 0x0000000081100000, 0x0000000081100000|100%| O|  |TAMS 0x0000000081100000, 0x0000000081000000| Complete 
|  17|0x0000000081100000, 0x0000000081200000, 0x0000000081200000|100%|HS|  |TAMS 0x0000000081200000, 0x0000000081100000| Complete 
|  18|0x0000000081200000, 0x0000000081300000, 0x0000000081300000|100%|HS|  |TAMS 0x0000000081300000, 0x0000000081200000| Complete 
|  19|0x0000000081300000, 0x0000000081400000, 0x0000000081400000|100%|HS|  |TAMS 0x0000000081400000, 0x0000000081300000| Complete 
|  20|0x0000000081400000, 0x0000000081500000, 0x0000000081500000|100%|HC|  |TAMS 0x0000000081500000, 0x0000000081400000| Complete 
|  21|0x0000000081500000, 0x0000000081600000, 0x0000000081600000|100%| O|  |TAMS 0x0000000081600000, 0x0000000081500000| Complete 
|  22|0x0000000081600000, 0x0000000081700000, 0x0000000081700000|100%| O|  |TAMS 0x0000000081700000, 0x0000000081600000| Complete 
|  23|0x0000000081700000, 0x0000000081800000, 0x0000000081800000|100%| O|  |TAMS 0x0000000081800000, 0x0000000081700000| Complete 
|  24|0x0000000081800000, 0x0000000081900000, 0x0000000081900000|100%| O|  |TAMS 0x0000000081900000, 0x0000000081800000| Untracked 
|  25|0x0000000081900000, 0x0000000081a00000, 0x0000000081a00000|100%| O|  |TAMS 0x0000000081a00000, 0x0000000081900000| Complete 
|  26|0x0000000081a00000, 0x0000000081b00000, 0x0000000081b00000|100%| O|  |TAMS 0x0000000081b00000, 0x0000000081a00000| Complete 
|  27|0x0000000081b00000, 0x0000000081c00000, 0x0000000081c00000|100%| O|  |TAMS 0x0000000081c00000, 0x0000000081b00000| Complete 
|  28|0x0000000081c00000, 0x0000000081d00000, 0x0000000081d00000|100%| O|  |TAMS 0x0000000081d00000, 0x0000000081c00000| Untracked 
|  29|0x0000000081d00000, 0x0000000081e00000, 0x0000000081e00000|100%| O|  |TAMS 0x0000000081e00000, 0x0000000081d00000| Untracked 
|  30|0x0000000081e00000, 0x0000000081f00000, 0x0000000081f00000|100%| O|  |TAMS 0x0000000081f00000, 0x0000000081e00000| Untracked 
|  31|0x0000000081f00000, 0x0000000082000000, 0x0000000082000000|100%| O|  |TAMS 0x0000000082000000, 0x0000000081f00000| Untracked 
|  32|0x0000000082000000, 0x0000000082100000, 0x0000000082100000|100%| O|  |TAMS 0x0000000082100000, 0x0000000082000000| Complete 
|  33|0x0000000082100000, 0x0000000082200000, 0x0000000082200000|100%| O|  |TAMS 0x0000000082200000, 0x0000000082100000| Untracked 
|  34|0x0000000082200000, 0x0000000082300000, 0x0000000082300000|100%| O|  |TAMS 0x0000000082300000, 0x0000000082200000| Complete 
|  35|0x0000000082300000, 0x0000000082400000, 0x0000000082400000|100%| O|  |TAMS 0x0000000082400000, 0x0000000082300000| Complete 
|  36|0x0000000082400000, 0x0000000082500000, 0x0000000082500000|100%| O|  |TAMS 0x0000000082500000, 0x0000000082400000| Untracked 
|  37|0x0000000082500000, 0x0000000082600000, 0x0000000082600000|100%| O|  |TAMS 0x0000000082600000, 0x0000000082500000| Complete 
|  38|0x0000000082600000, 0x0000000082700000, 0x0000000082700000|100%| O|  |TAMS 0x0000000082700000, 0x0000000082600000| Complete 
|  39|0x0000000082700000, 0x0000000082800000, 0x0000000082800000|100%| O|  |TAMS 0x0000000082800000, 0x0000000082700000| Untracked 
|  40|0x0000000082800000, 0x0000000082900000, 0x0000000082900000|100%| O|  |TAMS 0x0000000082900000, 0x0000000082800000| Complete 
|  41|0x0000000082900000, 0x0000000082a00000, 0x0000000082a00000|100%| O|  |TAMS 0x0000000082a00000, 0x0000000082900000| Complete 
|  42|0x0000000082a00000, 0x0000000082b00000, 0x0000000082b00000|100%| O|  |TAMS 0x0000000082b00000, 0x0000000082a00000| Complete 
|  43|0x0000000082b00000, 0x0000000082c00000, 0x0000000082c00000|100%| O|  |TAMS 0x0000000082c00000, 0x0000000082b00000| Complete 
|  44|0x0000000082c00000, 0x0000000082d00000, 0x0000000082d00000|100%| O|  |TAMS 0x0000000082d00000, 0x0000000082c00000| Complete 
|  45|0x0000000082d00000, 0x0000000082e00000, 0x0000000082e00000|100%| O|  |TAMS 0x0000000082e00000, 0x0000000082d00000| Complete 
|  46|0x0000000082e00000, 0x0000000082f00000, 0x0000000082f00000|100%| O|  |TAMS 0x0000000082f00000, 0x0000000082e00000| Complete 
|  47|0x0000000082f00000, 0x0000000083000000, 0x0000000083000000|100%| O|  |TAMS 0x0000000083000000, 0x0000000082f00000| Complete 
|  48|0x0000000083000000, 0x0000000083100000, 0x0000000083100000|100%| O|  |TAMS 0x0000000083100000, 0x0000000083000000| Complete 
|  49|0x0000000083100000, 0x0000000083200000, 0x0000000083200000|100%| O|  |TAMS 0x0000000083200000, 0x0000000083100000| Complete 
|  50|0x0000000083200000, 0x0000000083300000, 0x0000000083300000|100%| O|  |TAMS 0x0000000083300000, 0x0000000083200000| Complete 
|  51|0x0000000083300000, 0x0000000083400000, 0x0000000083400000|100%| O|  |TAMS 0x0000000083400000, 0x0000000083300000| Complete 
|  52|0x0000000083400000, 0x0000000083500000, 0x0000000083500000|100%| O|  |TAMS 0x0000000083500000, 0x0000000083400000| Complete 
|  53|0x0000000083500000, 0x0000000083600000, 0x0000000083600000|100%| O|  |TAMS 0x0000000083600000, 0x0000000083500000| Complete 
|  54|0x0000000083600000, 0x0000000083700000, 0x0000000083700000|100%| O|  |TAMS 0x0000000083700000, 0x0000000083600000| Complete 
|  55|0x0000000083700000, 0x0000000083800000, 0x0000000083800000|100%| O|  |TAMS 0x0000000083800000, 0x0000000083700000| Complete 
|  56|0x0000000083800000, 0x0000000083900000, 0x0000000083900000|100%| O|  |TAMS 0x0000000083900000, 0x0000000083800000| Complete 
|  57|0x0000000083900000, 0x0000000083a00000, 0x0000000083a00000|100%| O|  |TAMS 0x0000000083a00000, 0x0000000083900000| Complete 
|  58|0x0000000083a00000, 0x0000000083b00000, 0x0000000083b00000|100%| O|  |TAMS 0x0000000083b00000, 0x0000000083a00000| Complete 
|  59|0x0000000083b00000, 0x0000000083c00000, 0x0000000083c00000|100%| O|  |TAMS 0x0000000083c00000, 0x0000000083b00000| Complete 
|  60|0x0000000083c00000, 0x0000000083c00000, 0x0000000083d00000|  0%| F|  |TAMS 0x0000000083c00000, 0x0000000083c00000| Untracked 
|  61|0x0000000083d00000, 0x0000000083e00000, 0x0000000083e00000|100%| O|  |TAMS 0x0000000083e00000, 0x0000000083d00000| Untracked 
|  62|0x0000000083e00000, 0x0000000083f00000, 0x0000000083f00000|100%| O|  |TAMS 0x0000000083f00000, 0x0000000083e00000| Untracked 
|  63|0x0000000083f00000, 0x0000000084000000, 0x0000000084000000|100%| O|  |TAMS 0x0000000084000000, 0x0000000083f00000| Untracked 
|  64|0x0000000084000000, 0x0000000084100000, 0x0000000084100000|100%| O|  |TAMS 0x0000000084100000, 0x0000000084000000| Complete 
|  65|0x0000000084100000, 0x0000000084200000, 0x0000000084200000|100%| O|  |TAMS 0x0000000084200000, 0x0000000084100000| Complete 
|  66|0x0000000084200000, 0x0000000084300000, 0x0000000084300000|100%| O|  |TAMS 0x0000000084300000, 0x0000000084200000| Complete 
|  67|0x0000000084300000, 0x0000000084400000, 0x0000000084400000|100%| O|  |TAMS 0x0000000084400000, 0x0000000084300000| Complete 
|  68|0x0000000084400000, 0x0000000084500000, 0x0000000084500000|100%| O|  |TAMS 0x0000000084500000, 0x0000000084400000| Complete 
|  69|0x0000000084500000, 0x0000000084600000, 0x0000000084600000|100%| O|  |TAMS 0x0000000084600000, 0x0000000084500000| Complete 
|  70|0x0000000084600000, 0x0000000084700000, 0x0000000084700000|100%| O|  |TAMS 0x0000000084700000, 0x0000000084600000| Complete 
|  71|0x0000000084700000, 0x0000000084800000, 0x0000000084800000|100%| O|  |TAMS 0x0000000084800000, 0x0000000084700000| Complete 
|  72|0x0000000084800000, 0x0000000084900000, 0x0000000084900000|100%| O|  |TAMS 0x0000000084900000, 0x0000000084800000| Complete 
|  73|0x0000000084900000, 0x0000000084a00000, 0x0000000084a00000|100%| O|  |TAMS 0x0000000084a00000, 0x0000000084900000| Complete 
|  74|0x0000000084a00000, 0x0000000084b00000, 0x0000000084b00000|100%|HS|  |TAMS 0x0000000084b00000, 0x0000000084a00000| Complete 
|  75|0x0000000084b00000, 0x0000000084c00000, 0x0000000084c00000|100%|HC|  |TAMS 0x0000000084c00000, 0x0000000084b00000| Complete 
|  76|0x0000000084c00000, 0x0000000084d00000, 0x0000000084d00000|100%| O|  |TAMS 0x0000000084d00000, 0x0000000084c00000| Complete 
|  77|0x0000000084d00000, 0x0000000084e00000, 0x0000000084e00000|100%| O|  |TAMS 0x0000000084e00000, 0x0000000084d00000| Complete 
|  78|0x0000000084e00000, 0x0000000084f00000, 0x0000000084f00000|100%| O|  |TAMS 0x0000000084f00000, 0x0000000084e00000| Complete 
|  79|0x0000000084f00000, 0x0000000085000000, 0x0000000085000000|100%| O|  |TAMS 0x0000000085000000, 0x0000000084f00000| Complete 
|  80|0x0000000085000000, 0x0000000085100000, 0x0000000085100000|100%| O|  |TAMS 0x0000000085100000, 0x0000000085000000| Complete 
|  81|0x0000000085100000, 0x0000000085100000, 0x0000000085200000|  0%| F|  |TAMS 0x0000000085100000, 0x0000000085100000| Untracked 
|  82|0x0000000085200000, 0x0000000085268400, 0x0000000085300000| 40%| O|  |TAMS 0x0000000085268400, 0x0000000085200000| Untracked 
|  83|0x0000000085300000, 0x0000000085300000, 0x0000000085400000|  0%| F|  |TAMS 0x0000000085300000, 0x0000000085300000| Untracked 
|  84|0x0000000085400000, 0x0000000085500000, 0x0000000085500000|100%| O|  |TAMS 0x0000000085500000, 0x0000000085400000| Complete 
|  85|0x0000000085500000, 0x0000000085600000, 0x0000000085600000|100%| O|  |TAMS 0x0000000085600000, 0x0000000085500000| Complete 
|  86|0x0000000085600000, 0x0000000085700000, 0x0000000085700000|100%| O|  |TAMS 0x0000000085700000, 0x0000000085600000| Complete 
|  87|0x0000000085700000, 0x0000000085800000, 0x0000000085800000|100%| O|  |TAMS 0x0000000085800000, 0x0000000085700000| Untracked 
|  88|0x0000000085800000, 0x0000000085900000, 0x0000000085900000|100%| O|  |TAMS 0x0000000085900000, 0x0000000085800000| Untracked 
|  89|0x0000000085900000, 0x0000000085a00000, 0x0000000085a00000|100%| O|  |TAMS 0x0000000085a00000, 0x0000000085900000| Complete 
|  90|0x0000000085a00000, 0x0000000085b00000, 0x0000000085b00000|100%| O|  |TAMS 0x0000000085b00000, 0x0000000085a00000| Untracked 
|  91|0x0000000085b00000, 0x0000000085c00000, 0x0000000085c00000|100%| O|  |TAMS 0x0000000085c00000, 0x0000000085b00000| Complete 
|  92|0x0000000085c00000, 0x0000000085d00000, 0x0000000085d00000|100%|HS|  |TAMS 0x0000000085d00000, 0x0000000085c00000| Complete 
|  93|0x0000000085d00000, 0x0000000085e00000, 0x0000000085e00000|100%|HC|  |TAMS 0x0000000085e00000, 0x0000000085d00000| Complete 
|  94|0x0000000085e00000, 0x0000000085e00000, 0x0000000085f00000|  0%| F|  |TAMS 0x0000000085e00000, 0x0000000085e00000| Untracked 
|  95|0x0000000085f00000, 0x0000000085f00000, 0x0000000086000000|  0%| F|  |TAMS 0x0000000085f00000, 0x0000000085f00000| Untracked 
|  96|0x0000000086000000, 0x0000000086100000, 0x0000000086100000|100%|HS|  |TAMS 0x0000000086100000, 0x0000000086000000| Complete 
|  97|0x0000000086100000, 0x0000000086200000, 0x0000000086200000|100%|HC|  |TAMS 0x0000000086200000, 0x0000000086100000| Complete 
|  98|0x0000000086200000, 0x0000000086300000, 0x0000000086300000|100%|HS|  |TAMS 0x0000000086300000, 0x0000000086200000| Complete 
|  99|0x0000000086300000, 0x0000000086400000, 0x0000000086400000|100%|HC|  |TAMS 0x0000000086400000, 0x0000000086300000| Complete 
| 100|0x0000000086400000, 0x0000000086500000, 0x0000000086500000|100%| O|  |TAMS 0x0000000086500000, 0x0000000086400000| Complete 
| 101|0x0000000086500000, 0x0000000086600000, 0x0000000086600000|100%| O|  |TAMS 0x0000000086600000, 0x0000000086500000| Complete 
| 102|0x0000000086600000, 0x0000000086700000, 0x0000000086700000|100%| O|  |TAMS 0x0000000086700000, 0x0000000086600000| Complete 
| 103|0x0000000086700000, 0x0000000086800000, 0x0000000086800000|100%| O|  |TAMS 0x0000000086800000, 0x0000000086700000| Complete 
| 104|0x0000000086800000, 0x0000000086900000, 0x0000000086900000|100%| O|  |TAMS 0x0000000086900000, 0x0000000086800000| Complete 
| 105|0x0000000086900000, 0x0000000086a00000, 0x0000000086a00000|100%| O|  |TAMS 0x0000000086a00000, 0x0000000086900000| Complete 
| 106|0x0000000086a00000, 0x0000000086b00000, 0x0000000086b00000|100%| O|  |TAMS 0x0000000086b00000, 0x0000000086a00000| Complete 
| 107|0x0000000086b00000, 0x0000000086c00000, 0x0000000086c00000|100%| O|  |TAMS 0x0000000086c00000, 0x0000000086b00000| Complete 
| 108|0x0000000086c00000, 0x0000000086d00000, 0x0000000086d00000|100%|HS|  |TAMS 0x0000000086c00000, 0x0000000086c00000| Complete 
| 109|0x0000000086d00000, 0x0000000086e00000, 0x0000000086e00000|100%|HC|  |TAMS 0x0000000086d00000, 0x0000000086d00000| Complete 
| 110|0x0000000086e00000, 0x0000000086f00000, 0x0000000086f00000|100%| O|  |TAMS 0x0000000086f00000, 0x0000000086e00000| Complete 
| 111|0x0000000086f00000, 0x0000000087000000, 0x0000000087000000|100%| O|  |TAMS 0x0000000087000000, 0x0000000086f00000| Complete 
| 112|0x0000000087000000, 0x0000000087100000, 0x0000000087100000|100%| O|  |TAMS 0x0000000087100000, 0x0000000087000000| Complete 
| 113|0x0000000087100000, 0x0000000087200000, 0x0000000087200000|100%| O|  |TAMS 0x0000000087200000, 0x0000000087100000| Complete 
| 114|0x0000000087200000, 0x0000000087300000, 0x0000000087300000|100%|HS|  |TAMS 0x0000000087200000, 0x0000000087200000| Complete 
| 115|0x0000000087300000, 0x0000000087400000, 0x0000000087400000|100%|HC|  |TAMS 0x0000000087300000, 0x0000000087300000| Complete 
| 116|0x0000000087400000, 0x0000000087500000, 0x0000000087500000|100%|HS|  |TAMS 0x0000000087400000, 0x0000000087400000| Complete 
| 117|0x0000000087500000, 0x0000000087600000, 0x0000000087600000|100%|HC|  |TAMS 0x0000000087500000, 0x0000000087500000| Complete 
| 118|0x0000000087600000, 0x0000000087600000, 0x0000000087700000|  0%| F|  |TAMS 0x0000000087600000, 0x0000000087600000| Untracked 
| 119|0x0000000087700000, 0x0000000087700000, 0x0000000087800000|  0%| F|  |TAMS 0x0000000087700000, 0x0000000087700000| Untracked 
| 120|0x0000000087800000, 0x0000000087800000, 0x0000000087900000|  0%| F|  |TAMS 0x0000000087800000, 0x0000000087800000| Untracked 
| 121|0x0000000087900000, 0x0000000087900000, 0x0000000087a00000|  0%| F|  |TAMS 0x0000000087900000, 0x0000000087900000| Untracked 
| 122|0x0000000087a00000, 0x0000000087b00000, 0x0000000087b00000|100%| O|  |TAMS 0x0000000087b00000, 0x0000000087a00000| Complete 
| 123|0x0000000087b00000, 0x0000000087c00000, 0x0000000087c00000|100%| O|  |TAMS 0x0000000087c00000, 0x0000000087b00000| Complete 
| 124|0x0000000087c00000, 0x0000000087d00000, 0x0000000087d00000|100%| O|  |TAMS 0x0000000087d00000, 0x0000000087c00000| Complete 
| 125|0x0000000087d00000, 0x0000000087e00000, 0x0000000087e00000|100%| O|  |TAMS 0x0000000087e00000, 0x0000000087d00000| Complete 
| 126|0x0000000087e00000, 0x0000000087f00000, 0x0000000087f00000|100%| O|  |TAMS 0x0000000087f00000, 0x0000000087e00000| Complete 
| 127|0x0000000087f00000, 0x0000000087f00000, 0x0000000088000000|  0%| F|  |TAMS 0x0000000087f00000, 0x0000000087f00000| Untracked 
| 128|0x0000000088000000, 0x0000000088000000, 0x0000000088100000|  0%| F|  |TAMS 0x0000000088000000, 0x0000000088000000| Untracked 
| 129|0x0000000088100000, 0x0000000088100000, 0x0000000088200000|  0%| F|  |TAMS 0x0000000088100000, 0x0000000088100000| Untracked 
| 130|0x0000000088200000, 0x0000000088200000, 0x0000000088300000|  0%| F|  |TAMS 0x0000000088200000, 0x0000000088200000| Untracked 
| 131|0x0000000088300000, 0x0000000088300000, 0x0000000088400000|  0%| F|  |TAMS 0x0000000088300000, 0x0000000088300000| Untracked 
| 132|0x0000000088400000, 0x0000000088400000, 0x0000000088500000|  0%| F|  |TAMS 0x0000000088400000, 0x0000000088400000| Untracked 
| 133|0x0000000088500000, 0x0000000088500000, 0x0000000088600000|  0%| F|  |TAMS 0x0000000088500000, 0x0000000088500000| Untracked 
| 134|0x0000000088600000, 0x0000000088600000, 0x0000000088700000|  0%| F|  |TAMS 0x0000000088600000, 0x0000000088600000| Untracked 
| 135|0x0000000088700000, 0x0000000088700000, 0x0000000088800000|  0%| F|  |TAMS 0x0000000088700000, 0x0000000088700000| Untracked 
| 136|0x0000000088800000, 0x0000000088800000, 0x0000000088900000|  0%| F|  |TAMS 0x0000000088800000, 0x0000000088800000| Untracked 
| 137|0x0000000088900000, 0x0000000088900000, 0x0000000088a00000|  0%| F|  |TAMS 0x0000000088900000, 0x0000000088900000| Untracked 
| 138|0x0000000088a00000, 0x0000000088a00000, 0x0000000088b00000|  0%| F|  |TAMS 0x0000000088a00000, 0x0000000088a00000| Untracked 
| 139|0x0000000088b00000, 0x0000000088b00000, 0x0000000088c00000|  0%| F|  |TAMS 0x0000000088b00000, 0x0000000088b00000| Untracked 
| 140|0x0000000088c00000, 0x0000000088c00000, 0x0000000088d00000|  0%| F|  |TAMS 0x0000000088c00000, 0x0000000088c00000| Untracked 
| 141|0x0000000088d00000, 0x0000000088d00000, 0x0000000088e00000|  0%| F|  |TAMS 0x0000000088d00000, 0x0000000088d00000| Untracked 
| 142|0x0000000088e00000, 0x0000000088e00000, 0x0000000088f00000|  0%| F|  |TAMS 0x0000000088e00000, 0x0000000088e00000| Untracked 
| 143|0x0000000088f00000, 0x0000000088f00000, 0x0000000089000000|  0%| F|  |TAMS 0x0000000088f00000, 0x0000000088f00000| Untracked 
| 144|0x0000000089000000, 0x0000000089000000, 0x0000000089100000|  0%| F|  |TAMS 0x0000000089000000, 0x0000000089000000| Untracked 
| 145|0x0000000089100000, 0x0000000089100000, 0x0000000089200000|  0%| F|  |TAMS 0x0000000089100000, 0x0000000089100000| Untracked 
| 146|0x0000000089200000, 0x0000000089200000, 0x0000000089300000|  0%| F|  |TAMS 0x0000000089200000, 0x0000000089200000| Untracked 
| 147|0x0000000089300000, 0x0000000089300000, 0x0000000089400000|  0%| F|  |TAMS 0x0000000089300000, 0x0000000089300000| Untracked 
| 148|0x0000000089400000, 0x0000000089400000, 0x0000000089500000|  0%| F|  |TAMS 0x0000000089400000, 0x0000000089400000| Untracked 
| 149|0x0000000089500000, 0x0000000089500000, 0x0000000089600000|  0%| F|  |TAMS 0x0000000089500000, 0x0000000089500000| Untracked 
| 150|0x0000000089600000, 0x0000000089600000, 0x0000000089700000|  0%| F|  |TAMS 0x0000000089600000, 0x0000000089600000| Untracked 
| 151|0x0000000089700000, 0x0000000089700000, 0x0000000089800000|  0%| F|  |TAMS 0x0000000089700000, 0x0000000089700000| Untracked 
| 152|0x0000000089800000, 0x0000000089800000, 0x0000000089900000|  0%| F|  |TAMS 0x0000000089800000, 0x0000000089800000| Untracked 
| 153|0x0000000089900000, 0x0000000089900000, 0x0000000089a00000|  0%| F|  |TAMS 0x0000000089900000, 0x0000000089900000| Untracked 
| 154|0x0000000089a00000, 0x0000000089a00000, 0x0000000089b00000|  0%| F|  |TAMS 0x0000000089a00000, 0x0000000089a00000| Untracked 
| 155|0x0000000089b00000, 0x0000000089b00000, 0x0000000089c00000|  0%| F|  |TAMS 0x0000000089b00000, 0x0000000089b00000| Untracked 
| 156|0x0000000089c00000, 0x0000000089c00000, 0x0000000089d00000|  0%| F|  |TAMS 0x0000000089c00000, 0x0000000089c00000| Untracked 
| 157|0x0000000089d00000, 0x0000000089d00000, 0x0000000089e00000|  0%| F|  |TAMS 0x0000000089d00000, 0x0000000089d00000| Untracked 
| 158|0x0000000089e00000, 0x0000000089e00000, 0x0000000089f00000|  0%| F|  |TAMS 0x0000000089e00000, 0x0000000089e00000| Untracked 
| 159|0x0000000089f00000, 0x0000000089f00000, 0x000000008a000000|  0%| F|  |TAMS 0x0000000089f00000, 0x0000000089f00000| Untracked 
| 160|0x000000008a000000, 0x000000008a000000, 0x000000008a100000|  0%| F|  |TAMS 0x000000008a000000, 0x000000008a000000| Untracked 
| 161|0x000000008a100000, 0x000000008a100000, 0x000000008a200000|  0%| F|  |TAMS 0x000000008a100000, 0x000000008a100000| Untracked 
| 162|0x000000008a200000, 0x000000008a200000, 0x000000008a300000|  0%| F|  |TAMS 0x000000008a200000, 0x000000008a200000| Untracked 
| 163|0x000000008a300000, 0x000000008a300000, 0x000000008a400000|  0%| F|  |TAMS 0x000000008a300000, 0x000000008a300000| Untracked 
| 164|0x000000008a400000, 0x000000008a400000, 0x000000008a500000|  0%| F|  |TAMS 0x000000008a400000, 0x000000008a400000| Untracked 
| 165|0x000000008a500000, 0x000000008a500000, 0x000000008a600000|  0%| F|  |TAMS 0x000000008a500000, 0x000000008a500000| Untracked 
| 166|0x000000008a600000, 0x000000008a600000, 0x000000008a700000|  0%| F|  |TAMS 0x000000008a600000, 0x000000008a600000| Untracked 
| 167|0x000000008a700000, 0x000000008a700000, 0x000000008a800000|  0%| F|  |TAMS 0x000000008a700000, 0x000000008a700000| Untracked 
| 168|0x000000008a800000, 0x000000008a800000, 0x000000008a900000|  0%| F|  |TAMS 0x000000008a800000, 0x000000008a800000| Untracked 
| 169|0x000000008a900000, 0x000000008a900000, 0x000000008aa00000|  0%| F|  |TAMS 0x000000008a900000, 0x000000008a900000| Untracked 
| 170|0x000000008aa00000, 0x000000008aa00000, 0x000000008ab00000|  0%| F|  |TAMS 0x000000008aa00000, 0x000000008aa00000| Untracked 
| 171|0x000000008ab00000, 0x000000008ab00000, 0x000000008ac00000|  0%| F|  |TAMS 0x000000008ab00000, 0x000000008ab00000| Untracked 
| 172|0x000000008ac00000, 0x000000008ac00000, 0x000000008ad00000|  0%| F|  |TAMS 0x000000008ac00000, 0x000000008ac00000| Untracked 
| 173|0x000000008ad00000, 0x000000008ad00000, 0x000000008ae00000|  0%| F|  |TAMS 0x000000008ad00000, 0x000000008ad00000| Untracked 
| 174|0x000000008ae00000, 0x000000008ae00000, 0x000000008af00000|  0%| F|  |TAMS 0x000000008ae00000, 0x000000008ae00000| Untracked 
| 175|0x000000008af00000, 0x000000008af00000, 0x000000008b000000|  0%| F|  |TAMS 0x000000008af00000, 0x000000008af00000| Untracked 
| 176|0x000000008b000000, 0x000000008b000000, 0x000000008b100000|  0%| F|  |TAMS 0x000000008b000000, 0x000000008b000000| Untracked 
| 177|0x000000008b100000, 0x000000008b100000, 0x000000008b200000|  0%| F|  |TAMS 0x000000008b100000, 0x000000008b100000| Untracked 
| 178|0x000000008b200000, 0x000000008b200000, 0x000000008b300000|  0%| F|  |TAMS 0x000000008b200000, 0x000000008b200000| Untracked 
| 179|0x000000008b300000, 0x000000008b300000, 0x000000008b400000|  0%| F|  |TAMS 0x000000008b300000, 0x000000008b300000| Untracked 
| 180|0x000000008b400000, 0x000000008b400000, 0x000000008b500000|  0%| F|  |TAMS 0x000000008b400000, 0x000000008b400000| Untracked 
| 181|0x000000008b500000, 0x000000008b500000, 0x000000008b600000|  0%| F|  |TAMS 0x000000008b500000, 0x000000008b500000| Untracked 
| 182|0x000000008b600000, 0x000000008b600000, 0x000000008b700000|  0%| F|  |TAMS 0x000000008b600000, 0x000000008b600000| Untracked 
| 183|0x000000008b700000, 0x000000008b700000, 0x000000008b800000|  0%| F|  |TAMS 0x000000008b700000, 0x000000008b700000| Untracked 
| 184|0x000000008b800000, 0x000000008b800000, 0x000000008b900000|  0%| F|  |TAMS 0x000000008b800000, 0x000000008b800000| Untracked 
| 185|0x000000008b900000, 0x000000008b900000, 0x000000008ba00000|  0%| F|  |TAMS 0x000000008b900000, 0x000000008b900000| Untracked 
| 186|0x000000008ba00000, 0x000000008ba00000, 0x000000008bb00000|  0%| F|  |TAMS 0x000000008ba00000, 0x000000008ba00000| Untracked 
| 187|0x000000008bb00000, 0x000000008bb00000, 0x000000008bc00000|  0%| F|  |TAMS 0x000000008bb00000, 0x000000008bb00000| Untracked 
| 188|0x000000008bc00000, 0x000000008bc00000, 0x000000008bd00000|  0%| F|  |TAMS 0x000000008bc00000, 0x000000008bc00000| Untracked 
| 189|0x000000008bd00000, 0x000000008bd00000, 0x000000008be00000|  0%| F|  |TAMS 0x000000008bd00000, 0x000000008bd00000| Untracked 
| 190|0x000000008be00000, 0x000000008be00000, 0x000000008bf00000|  0%| F|  |TAMS 0x000000008be00000, 0x000000008be00000| Untracked 
| 191|0x000000008bf00000, 0x000000008bf00000, 0x000000008c000000|  0%| F|  |TAMS 0x000000008bf00000, 0x000000008bf00000| Untracked 
| 192|0x000000008c000000, 0x000000008c000000, 0x000000008c100000|  0%| F|  |TAMS 0x000000008c000000, 0x000000008c000000| Untracked 
| 193|0x000000008c100000, 0x000000008c100000, 0x000000008c200000|  0%| F|  |TAMS 0x000000008c100000, 0x000000008c100000| Untracked 
| 194|0x000000008c200000, 0x000000008c200000, 0x000000008c300000|  0%| F|  |TAMS 0x000000008c200000, 0x000000008c200000| Untracked 
| 195|0x000000008c300000, 0x000000008c300000, 0x000000008c400000|  0%| F|  |TAMS 0x000000008c300000, 0x000000008c300000| Untracked 
| 196|0x000000008c400000, 0x000000008c400000, 0x000000008c500000|  0%| F|  |TAMS 0x000000008c400000, 0x000000008c400000| Untracked 
| 197|0x000000008c500000, 0x000000008c500000, 0x000000008c600000|  0%| F|  |TAMS 0x000000008c500000, 0x000000008c500000| Untracked 
| 198|0x000000008c600000, 0x000000008c600000, 0x000000008c700000|  0%| F|  |TAMS 0x000000008c600000, 0x000000008c600000| Untracked 
| 199|0x000000008c700000, 0x000000008c700000, 0x000000008c800000|  0%| F|  |TAMS 0x000000008c700000, 0x000000008c700000| Untracked 
| 200|0x000000008c800000, 0x000000008c800000, 0x000000008c900000|  0%| F|  |TAMS 0x000000008c800000, 0x000000008c800000| Untracked 
| 201|0x000000008c900000, 0x000000008c900000, 0x000000008ca00000|  0%| F|  |TAMS 0x000000008c900000, 0x000000008c900000| Untracked 
| 202|0x000000008ca00000, 0x000000008ca00000, 0x000000008cb00000|  0%| F|  |TAMS 0x000000008ca00000, 0x000000008ca00000| Untracked 
| 203|0x000000008cb00000, 0x000000008cb00000, 0x000000008cc00000|  0%| F|  |TAMS 0x000000008cb00000, 0x000000008cb00000| Untracked 
| 204|0x000000008cc00000, 0x000000008cc1f820, 0x000000008cd00000| 12%| E|  |TAMS 0x000000008cc00000, 0x000000008cc00000| Complete 
| 205|0x000000008cd00000, 0x000000008ce00000, 0x000000008ce00000|100%| E|CS|TAMS 0x000000008cd00000, 0x000000008cd00000| Complete 
| 206|0x000000008ce00000, 0x000000008cf00000, 0x000000008cf00000|100%| E|CS|TAMS 0x000000008ce00000, 0x000000008ce00000| Complete 
| 207|0x000000008cf00000, 0x000000008d000000, 0x000000008d000000|100%| E|CS|TAMS 0x000000008cf00000, 0x000000008cf00000| Complete 
| 208|0x000000008d000000, 0x000000008d100000, 0x000000008d100000|100%| E|CS|TAMS 0x000000008d000000, 0x000000008d000000| Complete 
| 209|0x000000008d100000, 0x000000008d200000, 0x000000008d200000|100%| E|CS|TAMS 0x000000008d100000, 0x000000008d100000| Complete 
| 210|0x000000008d200000, 0x000000008d300000, 0x000000008d300000|100%| E|CS|TAMS 0x000000008d200000, 0x000000008d200000| Complete 
| 211|0x000000008d300000, 0x000000008d400000, 0x000000008d400000|100%| E|CS|TAMS 0x000000008d300000, 0x000000008d300000| Complete 
| 212|0x000000008d400000, 0x000000008d500000, 0x000000008d500000|100%| E|CS|TAMS 0x000000008d400000, 0x000000008d400000| Complete 
| 213|0x000000008d500000, 0x000000008d600000, 0x000000008d600000|100%| E|CS|TAMS 0x000000008d500000, 0x000000008d500000| Complete 
| 214|0x000000008d600000, 0x000000008d700000, 0x000000008d700000|100%| E|CS|TAMS 0x000000008d600000, 0x000000008d600000| Complete 
| 215|0x000000008d700000, 0x000000008d800000, 0x000000008d800000|100%| E|CS|TAMS 0x000000008d700000, 0x000000008d700000| Complete 
| 216|0x000000008d800000, 0x000000008d900000, 0x000000008d900000|100%| E|CS|TAMS 0x000000008d800000, 0x000000008d800000| Complete 
| 217|0x000000008d900000, 0x000000008da00000, 0x000000008da00000|100%| E|CS|TAMS 0x000000008d900000, 0x000000008d900000| Complete 
| 218|0x000000008da00000, 0x000000008db00000, 0x000000008db00000|100%| E|CS|TAMS 0x000000008da00000, 0x000000008da00000| Complete 
| 219|0x000000008db00000, 0x000000008dc00000, 0x000000008dc00000|100%| E|CS|TAMS 0x000000008db00000, 0x000000008db00000| Complete 
| 220|0x000000008dc00000, 0x000000008dd00000, 0x000000008dd00000|100%| E|CS|TAMS 0x000000008dc00000, 0x000000008dc00000| Complete 
| 221|0x000000008dd00000, 0x000000008de00000, 0x000000008de00000|100%| E|CS|TAMS 0x000000008dd00000, 0x000000008dd00000| Complete 
| 222|0x000000008de00000, 0x000000008df00000, 0x000000008df00000|100%| E|CS|TAMS 0x000000008de00000, 0x000000008de00000| Complete 
| 223|0x000000008df00000, 0x000000008e000000, 0x000000008e000000|100%| E|CS|TAMS 0x000000008df00000, 0x000000008df00000| Complete 
| 224|0x000000008e000000, 0x000000008e100000, 0x000000008e100000|100%| E|CS|TAMS 0x000000008e000000, 0x000000008e000000| Complete 
| 225|0x000000008e100000, 0x000000008e200000, 0x000000008e200000|100%| E|CS|TAMS 0x000000008e100000, 0x000000008e100000| Complete 
| 226|0x000000008e200000, 0x000000008e300000, 0x000000008e300000|100%| E|CS|TAMS 0x000000008e200000, 0x000000008e200000| Complete 
| 227|0x000000008e300000, 0x000000008e400000, 0x000000008e400000|100%| E|  |TAMS 0x000000008e300000, 0x000000008e300000| Complete 
| 228|0x000000008e400000, 0x000000008e500000, 0x000000008e500000|100%| E|CS|TAMS 0x000000008e400000, 0x000000008e400000| Complete 
| 229|0x000000008e500000, 0x000000008e600000, 0x000000008e600000|100%| E|CS|TAMS 0x000000008e500000, 0x000000008e500000| Complete 
| 230|0x000000008e600000, 0x000000008e700000, 0x000000008e700000|100%| E|CS|TAMS 0x000000008e600000, 0x000000008e600000| Complete 
| 231|0x000000008e700000, 0x000000008e800000, 0x000000008e800000|100%| E|CS|TAMS 0x000000008e700000, 0x000000008e700000| Complete 
| 232|0x000000008e800000, 0x000000008e900000, 0x000000008e900000|100%| E|CS|TAMS 0x000000008e800000, 0x000000008e800000| Complete 
| 233|0x000000008e900000, 0x000000008ea00000, 0x000000008ea00000|100%| E|CS|TAMS 0x000000008e900000, 0x000000008e900000| Complete 
| 234|0x000000008ea00000, 0x000000008eb00000, 0x000000008eb00000|100%| E|CS|TAMS 0x000000008ea00000, 0x000000008ea00000| Complete 
| 235|0x000000008eb00000, 0x000000008ec00000, 0x000000008ec00000|100%| E|CS|TAMS 0x000000008eb00000, 0x000000008eb00000| Complete 
| 236|0x000000008ec00000, 0x000000008ed00000, 0x000000008ed00000|100%| E|CS|TAMS 0x000000008ec00000, 0x000000008ec00000| Complete 
| 237|0x000000008ed00000, 0x000000008ed96450, 0x000000008ee00000| 58%| S|CS|TAMS 0x000000008ed00000, 0x000000008ed00000| Complete 
| 238|0x000000008ee00000, 0x000000008ef00000, 0x000000008ef00000|100%| S|CS|TAMS 0x000000008ee00000, 0x000000008ee00000| Complete 
| 239|0x000000008ef00000, 0x000000008f000000, 0x000000008f000000|100%| S|CS|TAMS 0x000000008ef00000, 0x000000008ef00000| Complete 
| 240|0x000000008f000000, 0x000000008f100000, 0x000000008f100000|100%| S|CS|TAMS 0x000000008f000000, 0x000000008f000000| Complete 
| 241|0x000000008f100000, 0x000000008f200000, 0x000000008f200000|100%| S|CS|TAMS 0x000000008f100000, 0x000000008f100000| Complete 
| 242|0x000000008f200000, 0x000000008f300000, 0x000000008f300000|100%| S|CS|TAMS 0x000000008f200000, 0x000000008f200000| Complete 
| 243|0x000000008f300000, 0x000000008f400000, 0x000000008f400000|100%| E|CS|TAMS 0x000000008f300000, 0x000000008f300000| Complete 
| 244|0x000000008f400000, 0x000000008f500000, 0x000000008f500000|100%| E|CS|TAMS 0x000000008f400000, 0x000000008f400000| Complete 
| 245|0x000000008f500000, 0x000000008f600000, 0x000000008f600000|100%| E|CS|TAMS 0x000000008f500000, 0x000000008f500000| Complete 
| 246|0x000000008f600000, 0x000000008f700000, 0x000000008f700000|100%| E|CS|TAMS 0x000000008f600000, 0x000000008f600000| Complete 
| 247|0x000000008f700000, 0x000000008f800000, 0x000000008f800000|100%| E|CS|TAMS 0x000000008f700000, 0x000000008f700000| Complete 
| 248|0x000000008f800000, 0x000000008f900000, 0x000000008f900000|100%| E|CS|TAMS 0x000000008f800000, 0x000000008f800000| Complete 
| 249|0x000000008f900000, 0x000000008fa00000, 0x000000008fa00000|100%| E|CS|TAMS 0x000000008f900000, 0x000000008f900000| Complete 
| 250|0x000000008fa00000, 0x000000008fb00000, 0x000000008fb00000|100%| E|CS|TAMS 0x000000008fa00000, 0x000000008fa00000| Complete 
| 251|0x000000008fb00000, 0x000000008fc00000, 0x000000008fc00000|100%| E|CS|TAMS 0x000000008fb00000, 0x000000008fb00000| Complete 
| 252|0x000000008fc00000, 0x000000008fd00000, 0x000000008fd00000|100%| E|CS|TAMS 0x000000008fc00000, 0x000000008fc00000| Complete 
| 253|0x000000008fd00000, 0x000000008fe00000, 0x000000008fe00000|100%| E|CS|TAMS 0x000000008fd00000, 0x000000008fd00000| Complete 

Card table byte_map: [0x000001457df30000,0x000001457e330000] _byte_map_base: 0x000001457db30000

Marking Bits (Prev, Next): (CMBitMap*) 0x000001456ad320c0, (CMBitMap*) 0x000001456ad32088
 Prev Bits: [0x0000014502000000, 0x0000014504000000)
 Next Bits: [0x0000014500000000, 0x0000014502000000)

Polling page: 0x000001456a4d0000

Metaspace:

Usage:
  Non-class:    101.28 MB capacity,    99.12 MB ( 98%) used,     1.76 MB (  2%) free+waste,   409.75 KB ( <1%) overhead. 
      Class:     15.73 MB capacity,    14.43 MB ( 92%) used,     1.12 MB (  7%) free+waste,   180.38 KB (  1%) overhead. 
       Both:    117.01 MB capacity,   113.55 MB ( 97%) used,     2.88 MB (  2%) free+waste,   590.13 KB ( <1%) overhead. 

Virtual space:
  Non-class space:      102.00 MB reserved,     101.84 MB (>99%) committed 
      Class space:        1.00 GB reserved,      16.22 MB (  2%) committed 
             Both:        1.10 GB reserved,     118.06 MB ( 10%) committed 

Chunk freelists:
   Non-Class:  337.00 KB
       Class:  470.00 KB
        Both:  807.00 KB

MaxMetaspaceSize: 17179869184.00 GB
CompressedClassSpaceSize: 1.00 GB
Initial GC threshold: 20.80 MB
Current GC threshold: 196.35 MB
CDS: off

CodeHeap 'non-profiled nmethods': size=120000Kb used=12741Kb max_used=12910Kb free=107258Kb
 bounds [0x00000145762d0000, 0x0000014576f80000, 0x000001457d800000]
CodeHeap 'profiled nmethods': size=120000Kb used=42869Kb max_used=42869Kb free=77130Kb
 bounds [0x000001456eda0000, 0x00000145717a0000, 0x00000145762d0000]
CodeHeap 'non-nmethods': size=5760Kb used=2442Kb max_used=2519Kb free=3318Kb
 bounds [0x000001456e800000, 0x000001456ea80000, 0x000001456eda0000]
 total_blobs=19744 nmethods=18781 adapters=873
 compilation: enabled
              stopped_count=0, restarted_count=0
 full_count=0

Compilation events (20 events):
Event: 3013.103 Thread 0x000001457fa6f800 nmethod 19838 0x000001456edcb290 code [0x000001456edcb7a0, 0x000001456edcdb98]
Event: 3013.103 Thread 0x000001457fa6f800 19843       3       org.gradle.api.internal.artifacts.DefaultResolverResults::assertHasGraphResult (22 bytes)
Event: 3013.104 Thread 0x000001457fa6f800 nmethod 19843 0x000001456f42bc90 code [0x000001456f42be60, 0x000001456f42c128]
Event: 3013.104 Thread 0x000001457fa6f800 19839       3       org.gradle.api.internal.artifacts.configurations.DefaultConfiguration::warnIfConfigurationIsDeprecatedForResolving (40 bytes)
Event: 3013.104 Thread 0x000001457fa6f800 nmethod 19839 0x000001456edca990 code [0x000001456edcabc0, 0x000001456edcb078]
Event: 3013.104 Thread 0x000001457fa6f800 19844       3       org.gradle.api.internal.tasks.DefaultTaskContainer::createTask (72 bytes)
Event: 3013.105 Thread 0x000001457fa6f800 nmethod 19844 0x000001456eee6a10 code [0x000001456eee6d20, 0x000001456eee7f08]
Event: 3013.105 Thread 0x000001457fa6f800 19840       1       org.gradle.api.internal.artifacts.configurations.DefaultConfiguration::access$500 (5 bytes)
Event: 3013.105 Thread 0x000001457fa6f800 nmethod 19840 0x000001457635ba10 code [0x000001457635bbc0, 0x000001457635bc58]
Event: 3013.105 Thread 0x000001457fa6f800 19842       1       org.gradle.api.internal.artifacts.configurations.DefaultConfiguration::access$700 (5 bytes)
Event: 3013.105 Thread 0x000001457fa6f800 nmethod 19842 0x000001457652ba90 code [0x000001457652bc40, 0x000001457652bcd8]
Event: 3013.106 Thread 0x000001457fa6f800 19845       3       org.gradle.api.internal.AbstractTask::prependParallelSafeAction (30 bytes)
Event: 3013.107 Thread 0x000001457fa6f800 nmethod 19845 0x000001456eee5b10 code [0x000001456eee5d60, 0x000001456eee6768]
Event: 3013.107 Thread 0x000001457fa6f800 19846       3       org.gradle.api.internal.AbstractTask::wrap (8 bytes)
Event: 3013.107 Thread 0x000001457fa6f800 nmethod 19846 0x000001456eee5190 code [0x000001456eee5380, 0x000001456eee5918]
Event: 3013.107 Thread 0x000001457fa6f800 19848       1       com.android.build.gradle.tasks.RenderscriptCompile_Decorated::getModelIdentityDisplayName (5 bytes)
Event: 3013.107 Thread 0x000001457fa6f800 nmethod 19848 0x000001457652b790 code [0x000001457652b940, 0x000001457652b9f8]
Event: 3013.107 Thread 0x000001457fa6f800 19851       3       kotlin.jvm.internal.FunctionReferenceImpl::<init> (14 bytes)
Event: 3013.107 Thread 0x000001457fa6f800 nmethod 19851 0x000001456ef93390 code [0x000001456ef93540, 0x000001456ef93668]
Event: 3013.119 Thread 0x000001457fa6f800 19853       3       org.gradle.api.internal.DefaultNamedDomainObjectCollection$AbstractDomainObjectCreatingProvider::get (24 bytes)

GC Heap History (20 events):
Event: 138.446 GC heap before
{Heap before GC invocations=16 (full 0):
 garbage-first heap   total 260096K, used 215798K [0x0000000080000000, 0x0000000100000000)
  region size 1024K, 107 young (109568K), 12 survivors (12288K)
 Metaspace       used 113116K, capacity 116894K, committed 117180K, reserved 1150976K
  class space    used 14932K, capacity 16409K, committed 16484K, reserved 1048576K
}
Event: 138.454 GC heap after
{Heap after GC invocations=17 (full 0):
 garbage-first heap   total 260096K, used 104070K [0x0000000080000000, 0x0000000100000000)
  region size 1024K, 6 young (6144K), 6 survivors (6144K)
 Metaspace       used 113116K, capacity 116894K, committed 117180K, reserved 1150976K
  class space    used 14932K, capacity 16409K, committed 16484K, reserved 1048576K
}
Event: 832.618 GC heap before
{Heap before GC invocations=17 (full 0):
 garbage-first heap   total 260096K, used 206470K [0x0000000080000000, 0x0000000100000000)
  region size 1024K, 105 young (107520K), 6 survivors (6144K)
 Metaspace       used 114016K, capacity 117886K, committed 117948K, reserved 1150976K
  class space    used 14951K, capacity 16437K, committed 16484K, reserved 1048576K
}
Event: 832.636 GC heap after
{Heap after GC invocations=18 (full 0):
 garbage-first heap   total 260096K, used 120276K [0x0000000080000000, 0x0000000100000000)
  region size 1024K, 14 young (14336K), 14 survivors (14336K)
 Metaspace       used 114016K, capacity 117886K, committed 117948K, reserved 1150976K
  class space    used 14951K, capacity 16437K, committed 16484K, reserved 1048576K
}
Event: 833.342 GC heap before
{Heap before GC invocations=18 (full 0):
 garbage-first heap   total 260096K, used 207316K [0x0000000080000000, 0x0000000100000000)
  region size 1024K, 90 young (92160K), 14 survivors (14336K)
 Metaspace       used 114751K, capacity 118710K, committed 118716K, reserved 1150976K
  class space    used 14985K, capacity 16484K, committed 16484K, reserved 1048576K
}
Event: 833.359 GC heap after
{Heap after GC invocations=19 (full 0):
 garbage-first heap   total 260096K, used 128715K [0x0000000080000000, 0x0000000100000000)
  region size 1024K, 3 young (3072K), 3 survivors (3072K)
 Metaspace       used 114751K, capacity 118710K, committed 118716K, reserved 1150976K
  class space    used 14985K, capacity 16484K, committed 16484K, reserved 1048576K
}
Event: 1898.161 GC heap before
{Heap before GC invocations=20 (full 0):
 garbage-first heap   total 260096K, used 209611K [0x0000000080000000, 0x0000000100000000)
  region size 1024K, 80 young (81920K), 3 survivors (3072K)
 Metaspace       used 114362K, capacity 117774K, committed 118972K, reserved 1153024K
  class space    used 14716K, capacity 16004K, committed 16484K, reserved 1048576K
}
Event: 1898.171 GC heap after
{Heap after GC invocations=21 (full 0):
 garbage-first heap   total 260096K, used 126177K [0x0000000080000000, 0x0000000100000000)
  region size 1024K, 10 young (10240K), 10 survivors (10240K)
 Metaspace       used 114362K, capacity 117774K, committed 118972K, reserved 1153024K
  class space    used 14716K, capacity 16004K, committed 16484K, reserved 1048576K
}
Event: 1898.278 GC heap before
{Heap before GC invocations=21 (full 0):
 garbage-first heap   total 260096K, used 127201K [0x0000000080000000, 0x0000000100000000)
  region size 1024K, 12 young (12288K), 10 survivors (10240K)
 Metaspace       used 114368K, capacity 117775K, committed 118972K, reserved 1153024K
  class space    used 14716K, capacity 16004K, committed 16484K, reserved 1048576K
}
Event: 1898.290 GC heap after
{Heap after GC invocations=22 (full 0):
 garbage-first heap   total 260096K, used 110715K [0x0000000080000000, 0x0000000100000000)
  region size 1024K, 1 young (1024K), 1 survivors (1024K)
 Metaspace       used 114368K, capacity 117775K, committed 118972K, reserved 1153024K
  class space    used 14716K, capacity 16004K, committed 16484K, reserved 1048576K
}
Event: 1898.956 GC heap before
{Heap before GC invocations=22 (full 0):
 garbage-first heap   total 260096K, used 166011K [0x0000000080000000, 0x0000000100000000)
  region size 1024K, 51 young (52224K), 1 survivors (1024K)
 Metaspace       used 114776K, capacity 118249K, committed 119612K, reserved 1153024K
  class space    used 14740K, capacity 16048K, committed 16612K, reserved 1048576K
}
Event: 1898.963 GC heap after
{Heap after GC invocations=23 (full 0):
 garbage-first heap   total 260096K, used 117759K [0x0000000080000000, 0x0000000100000000)
  region size 1024K, 2 young (2048K), 2 survivors (2048K)
 Metaspace       used 114776K, capacity 118249K, committed 119612K, reserved 1153024K
  class space    used 14740K, capacity 16048K, committed 16612K, reserved 1048576K
}
Event: 2880.846 GC heap before
{Heap before GC invocations=24 (full 0):
 garbage-first heap   total 260096K, used 208895K [0x0000000080000000, 0x0000000100000000)
  region size 1024K, 86 young (88064K), 2 survivors (2048K)
 Metaspace       used 115185K, capacity 118658K, committed 119868K, reserved 1153024K
  class space    used 14743K, capacity 16053K, committed 16612K, reserved 1048576K
}
Event: 2880.858 GC heap after
{Heap after GC invocations=25 (full 0):
 garbage-first heap   total 260096K, used 119718K [0x0000000080000000, 0x0000000100000000)
  region size 1024K, 11 young (11264K), 11 survivors (11264K)
 Metaspace       used 115185K, capacity 118658K, committed 119868K, reserved 1153024K
  class space    used 14743K, capacity 16053K, committed 16612K, reserved 1048576K
}
Event: 2880.887 GC heap before
{Heap before GC invocations=25 (full 0):
 garbage-first heap   total 260096K, used 120742K [0x0000000080000000, 0x0000000100000000)
  region size 1024K, 12 young (12288K), 11 survivors (11264K)
 Metaspace       used 115187K, capacity 118658K, committed 119868K, reserved 1153024K
  class space    used 14743K, capacity 16053K, committed 16612K, reserved 1048576K
}
Event: 2880.901 GC heap after
{Heap after GC invocations=26 (full 0):
 garbage-first heap   total 260096K, used 111006K [0x0000000080000000, 0x0000000100000000)
  region size 1024K, 1 young (1024K), 1 survivors (1024K)
 Metaspace       used 115187K, capacity 118658K, committed 119868K, reserved 1153024K
  class space    used 14743K, capacity 16053K, committed 16612K, reserved 1048576K
}
Event: 2881.687 GC heap before
{Heap before GC invocations=26 (full 0):
 garbage-first heap   total 260096K, used 201118K [0x0000000080000000, 0x0000000100000000)
  region size 1024K, 87 young (89088K), 1 survivors (1024K)
 Metaspace       used 115828K, capacity 119250K, committed 120380K, reserved 1153024K
  class space    used 14766K, capacity 16092K, committed 16612K, reserved 1048576K
}
Event: 2881.694 GC heap after
{Heap after GC invocations=27 (full 0):
 garbage-first heap   total 260096K, used 115105K [0x0000000080000000, 0x0000000100000000)
  region size 1024K, 5 young (5120K), 5 survivors (5120K)
 Metaspace       used 115828K, capacity 119250K, committed 120380K, reserved 1153024K
  class space    used 14766K, capacity 16092K, committed 16612K, reserved 1048576K
}
Event: 2881.855 GC heap before
{Heap before GC invocations=27 (full 0):
 garbage-first heap   total 260096K, used 130465K [0x0000000080000000, 0x0000000100000000)
  region size 1024K, 16 young (16384K), 5 survivors (5120K)
 Metaspace       used 115907K, capacity 119341K, committed 120636K, reserved 1153024K
  class space    used 14770K, capacity 16099K, committed 16612K, reserved 1048576K
}
Event: 2881.860 GC heap after
{Heap after GC invocations=28 (full 0):
 garbage-first heap   total 260096K, used 121850K [0x0000000080000000, 0x0000000100000000)
  region size 1024K, 6 young (6144K), 6 survivors (6144K)
 Metaspace       used 115907K, capacity 119341K, committed 120636K, reserved 1153024K
  class space    used 14770K, capacity 16099K, committed 16612K, reserved 1048576K
}

Deoptimization events (20 events):
Event: 2881.534 Thread 0x0000014511f6c000 DEOPT PACKING pc=0x0000014570a5c233 sp=0x0000001a55cfc730
Event: 2881.534 Thread 0x0000014511f6c000 DEOPT UNPACKING pc=0x000001456e84a95e sp=0x0000001a55cfbbc8 mode 0
Event: 2881.536 Thread 0x0000014511f6c000 DEOPT PACKING pc=0x0000014570a5c233 sp=0x0000001a55cfc730
Event: 2881.536 Thread 0x0000014511f6c000 DEOPT UNPACKING pc=0x000001456e84a95e sp=0x0000001a55cfbbc8 mode 0
Event: 2881.537 Thread 0x0000014511f6c000 DEOPT PACKING pc=0x0000014570a5c233 sp=0x0000001a55cfc730
Event: 2881.537 Thread 0x0000014511f6c000 DEOPT UNPACKING pc=0x000001456e84a95e sp=0x0000001a55cfbbc8 mode 0
Event: 2881.539 Thread 0x0000014511f6c000 DEOPT PACKING pc=0x0000014570a5c233 sp=0x0000001a55cfc730
Event: 2881.539 Thread 0x0000014511f6c000 DEOPT UNPACKING pc=0x000001456e84a95e sp=0x0000001a55cfbbc8 mode 0
Event: 2881.549 Thread 0x0000014511f6c000 DEOPT PACKING pc=0x0000014570a7e035 sp=0x0000001a55cfc9e0
Event: 2881.549 Thread 0x0000014511f6c000 DEOPT UNPACKING pc=0x000001456e84a95e sp=0x0000001a55cfbf40 mode 0
Event: 2881.607 Thread 0x0000014511f6c000 DEOPT PACKING pc=0x0000014570aebd38 sp=0x0000001a55cfd9b0
Event: 2881.607 Thread 0x0000014511f6c000 DEOPT UNPACKING pc=0x000001456e84a95e sp=0x0000001a55cfced0 mode 0
Event: 2881.624 Thread 0x0000014511f6c000 DEOPT PACKING pc=0x0000014570b45a49 sp=0x0000001a55cfd210
Event: 2881.624 Thread 0x0000014511f6c000 DEOPT UNPACKING pc=0x000001456e84a95e sp=0x0000001a55cfc7b0 mode 0
Event: 2881.633 Thread 0x0000014511f6c000 DEOPT PACKING pc=0x0000014570b1cef7 sp=0x0000001a55cfcfd0
Event: 2881.633 Thread 0x0000014511f6c000 DEOPT UNPACKING pc=0x000001456e84a95e sp=0x0000001a55cfc510 mode 0
Event: 2881.806 Thread 0x0000014511f64000 DEOPT PACKING pc=0x0000014570c7a536 sp=0x0000001a557fd460
Event: 2881.806 Thread 0x0000014511f64000 DEOPT UNPACKING pc=0x000001456e84a95e sp=0x0000001a557fc9e0 mode 0
Event: 3012.928 Thread 0x000001450b3ed800 DEOPT PACKING pc=0x000001456f258511 sp=0x0000001a4d0f8c50
Event: 3012.928 Thread 0x000001450b3ed800 DEOPT UNPACKING pc=0x000001456e84a95e sp=0x0000001a4d0f8128 mode 0

Classes redefined (0 events):
No events

Internal exceptions (20 events):
Event: 2881.253 Thread 0x0000014508956800 Exception <a 'sun/nio/fs/WindowsException'{0x000000008e3b7818}> (0x000000008e3b7818) thrown at [./src/hotspot/share/prims/jni.cpp, line 615]
Event: 2881.263 Thread 0x0000014511f66800 Exception <a 'sun/nio/fs/WindowsException'{0x000000008e23f598}> (0x000000008e23f598) thrown at [./src/hotspot/share/prims/jni.cpp, line 615]
Event: 2881.279 Thread 0x0000014511f65800 Exception <a 'sun/nio/fs/WindowsException'{0x000000008e11b8c8}> (0x000000008e11b8c8) thrown at [./src/hotspot/share/prims/jni.cpp, line 615]
Event: 2881.307 Thread 0x0000014511f64000 Exception <a 'sun/nio/fs/WindowsException'{0x000000008dadc2b8}> (0x000000008dadc2b8) thrown at [./src/hotspot/share/prims/jni.cpp, line 615]
Event: 2881.310 Thread 0x0000014511f66800 Exception <a 'sun/nio/fs/WindowsException'{0x000000008d91dc00}> (0x000000008d91dc00) thrown at [./src/hotspot/share/prims/jni.cpp, line 615]
Event: 2881.316 Thread 0x0000014511f66800 Exception <a 'sun/nio/fs/WindowsException'{0x000000008d8b2e08}> (0x000000008d8b2e08) thrown at [./src/hotspot/share/prims/jni.cpp, line 615]
Event: 2881.401 Thread 0x0000014511f65800 Exception <a 'sun/nio/fs/WindowsException'{0x000000008c2423d0}> (0x000000008c2423d0) thrown at [./src/hotspot/share/prims/jni.cpp, line 615]
Event: 2881.440 Thread 0x0000014511f65800 Exception <a 'sun/nio/fs/WindowsException'{0x000000008bd4c530}> (0x000000008bd4c530) thrown at [./src/hotspot/share/prims/jni.cpp, line 615]
Event: 2881.450 Thread 0x0000014511f64000 Exception <a 'sun/nio/fs/WindowsException'{0x000000008bc433f8}> (0x000000008bc433f8) thrown at [./src/hotspot/share/prims/jni.cpp, line 615]
Event: 2881.461 Thread 0x0000014511f65800 Exception <a 'sun/nio/fs/WindowsException'{0x000000008bc96640}> (0x000000008bc96640) thrown at [./src/hotspot/share/prims/jni.cpp, line 615]
Event: 2881.736 Thread 0x0000014511f66800 Exception <a 'sun/nio/fs/WindowsException'{0x000000008fbb8e78}> (0x000000008fbb8e78) thrown at [./src/hotspot/share/prims/jni.cpp, line 615]
Event: 2881.747 Thread 0x0000014511f66800 Exception <a 'sun/nio/fs/WindowsException'{0x000000008faa0010}> (0x000000008faa0010) thrown at [./src/hotspot/share/prims/jni.cpp, line 615]
Event: 2881.935 Thread 0x000001450bba0000 Exception <a 'sun/nio/fs/WindowsException'{0x000000008fc524d0}> (0x000000008fc524d0) thrown at [./src/hotspot/share/prims/jni.cpp, line 615]
Event: 2881.935 Thread 0x000001450bba0000 Exception <a 'sun/nio/fs/WindowsException'{0x000000008fc52550}> (0x000000008fc52550) thrown at [./src/hotspot/share/prims/jni.cpp, line 615]
Event: 2881.935 Thread 0x000001450bba0000 Exception <a 'sun/nio/fs/WindowsException'{0x000000008fc53e58}> (0x000000008fc53e58) thrown at [./src/hotspot/share/prims/jni.cpp, line 615]
Event: 3012.949 Thread 0x000001450b3ed800 Exception <a 'sun/nio/fs/WindowsException'{0x000000008db2d248}> (0x000000008db2d248) thrown at [./src/hotspot/share/prims/jni.cpp, line 615]
Event: 3012.950 Thread 0x000001450b3ed800 Exception <a 'sun/nio/fs/WindowsException'{0x000000008db2eb78}> (0x000000008db2eb78) thrown at [./src/hotspot/share/prims/jni.cpp, line 615]
Event: 3013.003 Thread 0x000001450b3ed800 Exception <a 'java/lang/NoClassDefFoundError'{0x000000008d74abd0}: org/jetbrains/kotlin/gradle/plugin/KotlinBasePluginWrapper> (0x000000008d74abd0) thrown at [./src/hotspot/share/oops/constantPool.cpp, line 775]
Event: 3013.048 Thread 0x000001450b3ed800 Exception <a 'java/lang/NoClassDefFoundError'{0x000000008d469ca8}: org/jetbrains/kotlin/gradle/plugin/KotlinBasePluginWrapper> (0x000000008d469ca8) thrown at [./src/hotspot/share/oops/constantPool.cpp, line 775]
Event: 3013.084 Thread 0x000001450b3ed800 Exception <a 'java/lang/NoClassDefFoundError'{0x000000008d192d40}: org/jetbrains/kotlin/gradle/plugin/KotlinBasePluginWrapper> (0x000000008d192d40) thrown at [./src/hotspot/share/oops/constantPool.cpp, line 775]

Events (20 events):
Event: 3012.900 Thread 0x000001450cb8a000 Thread added: 0x000001450cb8a000
Event: 3012.900 Thread 0x000001450cb8a800 Thread added: 0x000001450cb8a800
Event: 3012.900 Thread 0x000001450cb85000 Thread added: 0x000001450cb85000
Event: 3012.900 Thread 0x000001450cb89000 Thread added: 0x000001450cb89000
Event: 3012.900 Thread 0x000001450cb8b800 Thread added: 0x000001450cb8b800
Event: 3012.902 Thread 0x000001450cb86000 Thread added: 0x000001450cb86000
Event: 3012.902 Thread 0x000001450cb86800 Thread added: 0x000001450cb86800
Event: 3012.902 Thread 0x000001450c234800 Thread added: 0x000001450c234800
Event: 3012.902 Thread 0x000001450c22f800 Thread added: 0x000001450c22f800
Event: 3012.902 Thread 0x000001450c233000 Thread added: 0x000001450c233000
Event: 3012.902 Thread 0x000001450c230800 Thread added: 0x000001450c230800
Event: 3012.903 Thread 0x000001450c233800 Thread added: 0x000001450c233800
Event: 3012.903 Thread 0x000001450c235000 Thread added: 0x000001450c235000
Event: 3012.903 Thread 0x000001450c236000 Thread added: 0x000001450c236000
Event: 3012.903 Thread 0x000001450c237000 Thread added: 0x000001450c237000
Event: 3012.903 Thread 0x000001450c231000 Thread added: 0x000001450c231000
Event: 3013.029 Executing VM operation: ICBufferFull
Event: 3013.029 Executing VM operation: ICBufferFull done
Event: 3013.087 Executing VM operation: BulkRevokeBias
Event: 3013.088 Executing VM operation: BulkRevokeBias done


Dynamic libraries:
0x00007ff713090000 - 0x00007ff71309a000 	D:\Android Studio\jre\bin\java.exe
0x00007ffbc3ac0000 - 0x00007ffbc3cc9000 	C:\WINDOWS\SYSTEM32\ntdll.dll
0x00007ffbc23e0000 - 0x00007ffbc249d000 	C:\WINDOWS\System32\KERNEL32.DLL
0x00007ffbc0fa0000 - 0x00007ffbc131c000 	C:\WINDOWS\System32\KERNELBASE.dll
0x00007ffbc1600000 - 0x00007ffbc1711000 	C:\WINDOWS\System32\ucrtbase.dll
0x00007ffb97470000 - 0x00007ffb97489000 	D:\Android Studio\jre\bin\jli.dll
0x00007ffb857a0000 - 0x00007ffb857b7000 	D:\Android Studio\jre\bin\VCRUNTIME140.dll
0x00007ffbc1d40000 - 0x00007ffbc1eed000 	C:\WINDOWS\System32\USER32.dll
0x00007ffbad650000 - 0x00007ffbad8f5000 	C:\WINDOWS\WinSxS\amd64_microsoft.windows.common-controls_6595b64144ccf1df_6.0.22000.120_none_9d947278b86cc467\COMCTL32.dll
0x00007ffbc15d0000 - 0x00007ffbc15f6000 	C:\WINDOWS\System32\win32u.dll
0x00007ffbc22a0000 - 0x00007ffbc2343000 	C:\WINDOWS\System32\msvcrt.dll
0x00007ffbc37c0000 - 0x00007ffbc37e9000 	C:\WINDOWS\System32\GDI32.dll
0x00007ffbc17c0000 - 0x00007ffbc18d9000 	C:\WINDOWS\System32\gdi32full.dll
0x00007ffbc1720000 - 0x00007ffbc17bd000 	C:\WINDOWS\System32\msvcp_win.dll
0x00007ffbc1c10000 - 0x00007ffbc1c41000 	C:\WINDOWS\System32\IMM32.DLL
0x00007ffb3b090000 - 0x00007ffb3b12d000 	D:\Android Studio\jre\bin\msvcp140.dll
0x00007ffb29a50000 - 0x00007ffb2a535000 	D:\Android Studio\jre\bin\server\jvm.dll
0x00007ffbc39c0000 - 0x00007ffbc3a6e000 	C:\WINDOWS\System32\ADVAPI32.dll
0x00007ffbc2010000 - 0x00007ffbc20ae000 	C:\WINDOWS\System32\sechost.dll
0x00007ffbc1ef0000 - 0x00007ffbc2010000 	C:\WINDOWS\System32\RPCRT4.dll
0x00007ffbc2290000 - 0x00007ffbc2298000 	C:\WINDOWS\System32\PSAPI.DLL
0x00007ffba0500000 - 0x00007ffba0509000 	C:\WINDOWS\SYSTEM32\WSOCK32.dll
0x00007ffbb9ee0000 - 0x00007ffbb9eea000 	C:\WINDOWS\SYSTEM32\VERSION.dll
0x00007ffbbbe00000 - 0x00007ffbbbe33000 	C:\WINDOWS\SYSTEM32\WINMM.dll
0x00007ffbc1cd0000 - 0x00007ffbc1d3f000 	C:\WINDOWS\System32\WS2_32.dll
0x00007ffbc0180000 - 0x00007ffbc0198000 	C:\WINDOWS\SYSTEM32\kernel.appcore.dll
0x00007ffbbd930000 - 0x00007ffbbd941000 	D:\Android Studio\jre\bin\verify.dll
0x00007ffbb7050000 - 0x00007ffbb7271000 	C:\WINDOWS\SYSTEM32\DBGHELP.DLL
0x00007ffbb3800000 - 0x00007ffbb3831000 	C:\WINDOWS\SYSTEM32\dbgcore.DLL
0x00007ffbc1490000 - 0x00007ffbc150f000 	C:\WINDOWS\System32\bcryptPrimitives.dll
0x00007ffbb3b20000 - 0x00007ffbb3b49000 	D:\Android Studio\jre\bin\java.dll
0x00007ffbbd920000 - 0x00007ffbbd92b000 	D:\Android Studio\jre\bin\jimage.dll
0x00007ffbae7e0000 - 0x00007ffbae7f8000 	D:\Android Studio\jre\bin\zip.dll
0x00007ffbc2880000 - 0x00007ffbc3038000 	C:\WINDOWS\System32\SHELL32.dll
0x00007ffbbf110000 - 0x00007ffbbf978000 	C:\WINDOWS\SYSTEM32\windows.storage.dll
0x00007ffbc24a0000 - 0x00007ffbc2819000 	C:\WINDOWS\System32\combase.dll
0x00007ffbbefa0000 - 0x00007ffbbf106000 	C:\WINDOWS\SYSTEM32\wintypes.dll
0x00007ffbc1950000 - 0x00007ffbc1a3a000 	C:\WINDOWS\System32\SHCORE.dll
0x00007ffbc1c50000 - 0x00007ffbc1cad000 	C:\WINDOWS\System32\shlwapi.dll
0x00007ffbc0ed0000 - 0x00007ffbc0ef1000 	C:\WINDOWS\SYSTEM32\profapi.dll
0x00007ffbae600000 - 0x00007ffbae61a000 	D:\Android Studio\jre\bin\net.dll
0x00007ffbba610000 - 0x00007ffbba71c000 	C:\WINDOWS\SYSTEM32\WINHTTP.dll
0x00007ffbc05b0000 - 0x00007ffbc0617000 	C:\WINDOWS\system32\mswsock.dll
0x00007ffbae5e0000 - 0x00007ffbae5f4000 	D:\Android Studio\jre\bin\nio.dll
0x00007ffb95d00000 - 0x00007ffb95d27000 	C:\Users\linruihang\.gradle\native\e1d6ef7f7dcc3fd88c89a11ec53ec762bb8ba0a96d01ffa2cd45eb1d1d8dd5c5\windows-amd64\native-platform.dll
0x00007ffb20cb0000 - 0x00007ffb20df4000 	C:\Users\linruihang\.gradle\native\5664cfc778a61ccfe75a443a1ab52a65af34e5dc3c78e0209fed803814484fcb\windows-amd64\native-platform-file-events.dll
0x00007ffbb0270000 - 0x00007ffbb027a000 	D:\Android Studio\jre\bin\management.dll
0x00007ffbae5d0000 - 0x00007ffbae5dd000 	D:\Android Studio\jre\bin\management_ext.dll
0x00007ffbc0800000 - 0x00007ffbc0818000 	C:\WINDOWS\SYSTEM32\CRYPTSP.dll
0x00007ffbc00e0000 - 0x00007ffbc0115000 	C:\WINDOWS\system32\rsaenh.dll
0x00007ffbc06a0000 - 0x00007ffbc06c9000 	C:\WINDOWS\SYSTEM32\USERENV.dll
0x00007ffbc0980000 - 0x00007ffbc09a7000 	C:\WINDOWS\SYSTEM32\bcrypt.dll
0x00007ffbc07f0000 - 0x00007ffbc07fc000 	C:\WINDOWS\SYSTEM32\CRYPTBASE.dll
0x00007ffbbfcb0000 - 0x00007ffbbfcdd000 	C:\WINDOWS\SYSTEM32\IPHLPAPI.DLL
0x00007ffbc3730000 - 0x00007ffbc3739000 	C:\WINDOWS\System32\NSI.dll
0x00007ffbbae80000 - 0x00007ffbbae99000 	C:\WINDOWS\SYSTEM32\dhcpcsvc6.DLL
0x00007ffbbb4b0000 - 0x00007ffbbb4ce000 	C:\WINDOWS\SYSTEM32\dhcpcsvc.DLL
0x00007ffbbfd20000 - 0x00007ffbbfe08000 	C:\WINDOWS\SYSTEM32\DNSAPI.dll
0x00007ffbadd30000 - 0x00007ffbadd57000 	D:\Android Studio\jre\bin\sunec.dll

dbghelp: loaded successfully - version: 4.0.5 - missing functions: none
symbol engine: initialized successfully - sym options: 0x614 - pdb path: .;D:\Android Studio\jre\bin;C:\WINDOWS\SYSTEM32;C:\WINDOWS\WinSxS\amd64_microsoft.windows.common-controls_6595b64144ccf1df_6.0.22000.120_none_9d947278b86cc467;D:\Android Studio\jre\bin\server;C:\Users\linruihang\.gradle\native\e1d6ef7f7dcc3fd88c89a11ec53ec762bb8ba0a96d01ffa2cd45eb1d1d8dd5c5\windows-amd64;C:\Users\linruihang\.gradle\native\5664cfc778a61ccfe75a443a1ab52a65af34e5dc3c78e0209fed803814484fcb\windows-amd64

VM Arguments:
jvm_args: --add-opens=java.base/java.util=ALL-UNNAMED --add-opens=java.base/java.lang=ALL-UNNAMED --add-opens=java.base/java.lang.invoke=ALL-UNNAMED --add-opens=java.base/java.util=ALL-UNNAMED --add-opens=java.prefs/java.util.prefs=ALL-UNNAMED --add-opens=java.prefs/java.util.prefs=ALL-UNNAMED --add-opens=java.base/java.nio.charset=ALL-UNNAMED --add-opens=java.base/java.net=ALL-UNNAMED --add-opens=java.base/java.util.concurrent.atomic=ALL-UNNAMED -Xmx2048m -Dfile.encoding=UTF-8 -Duser.country=CN -Duser.language=zh -Duser.variant 
java_command: org.gradle.launcher.daemon.bootstrap.GradleDaemon 7.3.3
java_class_path (initial): C:\Users\linruihang\.gradle\wrapper\dists\gradle-7.3.3-bin\6a41zxkdtcxs8rphpq6y0069z\gradle-7.3.3\lib\gradle-launcher-7.3.3.jar
Launcher Type: SUN_STANDARD

[Global flags]
     intx CICompilerCount                          = 4                                         {product} {ergonomic}
     uint ConcGCThreads                            = 2                                         {product} {ergonomic}
     uint G1ConcRefinementThreads                  = 8                                         {product} {ergonomic}
   size_t G1HeapRegionSize                         = 1048576                                   {product} {ergonomic}
    uintx GCDrainStackTargetSize                   = 64                                        {product} {ergonomic}
   size_t InitialHeapSize                          = 266338304                                 {product} {ergonomic}
   size_t MarkStackSize                            = 4194304                                   {product} {ergonomic}
   size_t MaxHeapSize                              = 2147483648                                {product} {command line}
   size_t MaxNewSize                               = 1287651328                                {product} {ergonomic}
   size_t MinHeapDeltaBytes                        = 1048576                                   {product} {ergonomic}
    uintx NonNMethodCodeHeapSize                   = 5836300                                {pd product} {ergonomic}
    uintx NonProfiledCodeHeapSize                  = 122910970                              {pd product} {ergonomic}
    uintx ProfiledCodeHeapSize                     = 122910970                              {pd product} {ergonomic}
    uintx ReservedCodeCacheSize                    = 251658240                              {pd product} {ergonomic}
     bool SegmentedCodeCache                       = true                                      {product} {ergonomic}
     bool UseCompressedClassPointers               = true                                 {lp64_product} {ergonomic}
     bool UseCompressedOops                        = true                                 {lp64_product} {ergonomic}
     bool UseG1GC                                  = true                                      {product} {ergonomic}
     bool UseLargePagesIndividualAllocation        = false                                  {pd product} {ergonomic}

Logging:
Log output configuration:
 #0: stdout all=warning uptime,level,tags
 #1: stderr all=off uptime,level,tags

Environment Variables:
JAVA_HOME=C:\Program Files\Java\jdk1.8.0_281
CLASSPATH=.;C:\Program Files\Java\jdk1.8.0_281\bin;C:\Program Files\Java\jdk1.8.0_281\lib\dt.jar;C:\Program Files\Java\jdk1.8.0_281\lib\tools.jar
PATH=D:\Linux-RHEL\Vmware16\bin\;C:\Program Files\Java\jdk1.8.0_281\bin;C:\Program Files\Java\jdk1.8.0_281\jre\bin;C:\Program Files\Common Files\Oracle\Java\javapath;C:\Windows\system32;C:\Windows;C:\Windows\System32\Wbem;C:\Windows\System32\WindowsPowerShell\v1.0\;C:\Windows\System32\OpenSSH\;C:\Program Files\Intel\WiFi\bin\;C:\Program Files\Common Files\Intel\WirelessCommon\;C:\Program Files (x86)\NVIDIA Corporation\PhysX\Common;C:\Program Files\NVIDIA Corporation\NVIDIA NvDLISR;C:\WINDOWS\system32;C:\WINDOWS;C:\WINDOWS\System32\Wbem;C:\WINDOWS\System32\WindowsPowerShell\v1.0\;C:\WINDOWS\System32\OpenSSH\;C:\Program Files (x86)\Microsoft SQL Server\100\Tools\Binn\;C:\Program Files\Microsoft SQL Server\100\Tools\Binn\;C:\Program Files\Microsoft SQL Server\100\DTS\Binn\;C:\Program Files (x86)\Microsoft SQL Server\Client SDK\ODBC\130\Tools\Binn\;C:\Program Files (x86)\Microsoft SQL Server\140\Tools\Binn\;C:\Program Files (x86)\Microsoft SQL Server\140\DTS\Binn\;C:\Program Files (x86)\Microsoft SQL Server\140\Tools\Binn\ManagementStudio\;C:\Program Files\dotnet\;D:\cygwin\bin;D:\Linux-RHEL\xshell7\;D:\Linux-RHEL\xftp7\;D:\software\Git\cmd;D:\python\python3.10.6\Scripts\;D:\python\python3.10.6\;C:\Program Files\MySQL\MySQL Shell 8.0\bin\;C:\Users\linruihang\AppData\Local\Microsoft\WindowsApps;C:\Program Files\Bandizip\;D:\Microsoft VS Code\bin;C:\Users\linruihang\.dotnet\tools;C:\Program Files\JetBrains\IntelliJ IDEA 2021.3.3\bin;;D:\java\sorce\mysql-5.7.24-winx64\bin;D:\java\apache-maven-3.6.1\bin;D:\java\sorce\apache-tomcat-8.5.68\bin;;D:\python\pycharm\PyCharm Community Edition 2022.2.1\bin;
USERNAME=linruihang
OS=Windows_NT
PROCESSOR_IDENTIFIER=Intel64 Family 6 Model 142 Stepping 12, GenuineIntel



---------------  S Y S T E M  ---------------

OS: Windows 10 , 64 bit Build 22000 (10.0.22000.708)
OS uptime: 0 days 11:02 hours

CPU:total 8 (initial active 8) (4 cores per cpu, 2 threads per core) family 6 model 142 stepping 12 microcode 0xde, cmov, cx8, fxsr, mmx, sse, sse2, sse3, ssse3, sse4.1, sse4.2, popcnt, avx, avx2, aes, clmul, erms, 3dnowpref, lzcnt, ht, tsc, tscinvbit, bmi1, bmi2, adx, fma

Memory: 4k page, system-wide physical 16229M (2529M free)
TotalPageFile size 20325M (AvailPageFile size 5M)
current process WorkingSet (physical memory assigned to process): 531M, peak: 612M
current process commit charge ("private bytes"): 631M, peak: 651M

vm_info: OpenJDK 64-Bit Server VM (11.0.12+7-b1504.28-7817840) for windows-amd64 JRE (11.0.12+7-b1504.28-7817840), built on Oct 13 2021 22:12:33 by "builder" with MS VC++ 14.0 (VS2015)

END.
